<?xml version="1.0" encoding="UTF-8"?>
<robot generator="Robot 7.0.1 (Python 3.11.5 on darwin)" generated="2025-01-02T17:36:43.377580" rpa="false" schemaversion="5">
<suite id="s1" name="SwagLabs" source="/Users/benzddts/aperture-ui-testing/tests/SwagLabs.robot">
<test id="s1-t1" name="Verify Error Message on Login with Different Users" line="12">
<kw name="Verify Error Messages" owner="LoginApp">
<kw name="Open Browser To Login Page" owner="Login">
<kw name="Open Browser" owner="SeleniumLibrary">
<msg time="2025-01-02T17:36:43.534648" level="INFO">Opening browser 'chrome' to base url 'https://www.saucedemo.com/'.</msg>
<arg>${URL}</arg>
<arg>${browser}</arg>
<doc>Opens a new browser instance to the optional ``url``.</doc>
<status status="PASS" start="2025-01-02T17:36:43.534479" elapsed="11.596793"/>
</kw>
<kw name="Maximize Browser Window" owner="SeleniumLibrary">
<doc>Maximizes current browser window.</doc>
<status status="PASS" start="2025-01-02T17:36:55.133439" elapsed="0.380244"/>
</kw>
<arg>${browser}</arg>
<status status="PASS" start="2025-01-02T17:36:43.533777" elapsed="11.980102"/>
</kw>
<kw name="Fill Username Field" owner="Login">
<kw name="Input Text" owner="SeleniumLibrary">
<msg time="2025-01-02T17:36:55.516114" level="INFO">Typing text '' into text field 'id=user-name'.</msg>
<arg>${LOGIN_USERNAME_LOCATOR}</arg>
<arg>${username}</arg>
<doc>Types the given ``text`` into the text field identified by ``locator``.</doc>
<status status="PASS" start="2025-01-02T17:36:55.515613" elapsed="0.714597"/>
</kw>
<arg>${username}</arg>
<status status="PASS" start="2025-01-02T17:36:55.514512" elapsed="0.715874"/>
</kw>
<kw name="Fill Password Field" owner="Login">
<kw name="Input Text" owner="SeleniumLibrary">
<msg time="2025-01-02T17:36:56.231446" level="INFO">Typing text 'secret_sauce' into text field 'id=password'.</msg>
<arg>${LOGIN_PASSWORD_LOCATOR}</arg>
<arg>${password}</arg>
<doc>Types the given ``text`` into the text field identified by ``locator``.</doc>
<status status="PASS" start="2025-01-02T17:36:56.231047" elapsed="1.068915"/>
</kw>
<arg>${password}</arg>
<status status="PASS" start="2025-01-02T17:36:56.230687" elapsed="1.069413"/>
</kw>
<kw name="Click &quot;Login&quot; Button" owner="Login">
<kw name="Click Button" owner="SeleniumLibrary">
<msg time="2025-01-02T17:36:57.300686" level="INFO">Clicking button 'id=login-button'.</msg>
<arg>${LOGIN_LOGIN_BUTTON}</arg>
<doc>Clicks the button identified by ``locator``.</doc>
<status status="PASS" start="2025-01-02T17:36:57.300527" elapsed="1.901659"/>
</kw>
<status status="PASS" start="2025-01-02T17:36:57.300277" elapsed="1.902154"/>
</kw>
<kw name="Verify Error Text" owner="Login">
<kw name="Wait Until Element Is Visible" owner="SeleniumLibrary">
<arg>${LOGIN_ERROR_LOCATOR}</arg>
<doc>Waits until the element ``locator`` is visible.</doc>
<status status="PASS" start="2025-01-02T17:36:59.203093" elapsed="0.171689"/>
</kw>
<kw name="Element Text Should Be" owner="SeleniumLibrary">
<msg time="2025-01-02T17:36:59.375312" level="INFO">Verifying element 'class=error-message-container.error' contains exact text 'Epic sadface: Username is required'.</msg>
<arg>${LOGIN_ERROR_LOCATOR}</arg>
<arg>${error_message_expected}</arg>
<doc>Verifies that element ``locator`` contains exact the text ``expected``.</doc>
<status status="PASS" start="2025-01-02T17:36:59.375043" elapsed="0.168784"/>
</kw>
<arg>${error_message_expected}</arg>
<status status="PASS" start="2025-01-02T17:36:59.202716" elapsed="0.341252"/>
</kw>
<arg>${BROWSER}</arg>
<arg>${EMPTY}</arg>
<arg>${PASSWORD}</arg>
<arg>${ERROR_WITHOUT_INFO}</arg>
<doc>Attempts to log in with the given username and password, and verifies the displayed error message.
This keyword performs the following steps:
1. Inputs the provided username and password.
2. Clicks the login button.
3. Waits until the error message is visible on the page.
4. Compares the displayed error message with the expected error message to ensure correctness.
Arguments:
- username: The username to input in the login field.
- password: The password to input in the password field.
- error_message_expected: The expected error message text.</doc>
<status status="PASS" start="2025-01-02T17:36:43.533049" elapsed="16.010983"/>
</kw>
<kw name="Verify Error Messages" owner="LoginApp">
<kw name="Open Browser To Login Page" owner="Login">
<kw name="Open Browser" owner="SeleniumLibrary">
<msg time="2025-01-02T17:36:59.546066" level="INFO">Opening browser 'chrome' to base url 'https://www.saucedemo.com/'.</msg>
<arg>${URL}</arg>
<arg>${browser}</arg>
<doc>Opens a new browser instance to the optional ``url``.</doc>
<status status="PASS" start="2025-01-02T17:36:59.545858" elapsed="9.392365"/>
</kw>
<kw name="Maximize Browser Window" owner="SeleniumLibrary">
<doc>Maximizes current browser window.</doc>
<status status="PASS" start="2025-01-02T17:37:08.942750" elapsed="0.562906"/>
</kw>
<arg>${browser}</arg>
<status status="PASS" start="2025-01-02T17:36:59.545609" elapsed="9.960219"/>
</kw>
<kw name="Fill Username Field" owner="Login">
<kw name="Input Text" owner="SeleniumLibrary">
<msg time="2025-01-02T17:37:09.508277" level="INFO">Typing text 'standard_user' into text field 'id=user-name'.</msg>
<arg>${LOGIN_USERNAME_LOCATOR}</arg>
<arg>${username}</arg>
<doc>Types the given ``text`` into the text field identified by ``locator``.</doc>
<status status="PASS" start="2025-01-02T17:37:09.507907" elapsed="2.222045"/>
</kw>
<arg>${username}</arg>
<status status="PASS" start="2025-01-02T17:37:09.506735" elapsed="2.223324"/>
</kw>
<kw name="Fill Password Field" owner="Login">
<kw name="Input Text" owner="SeleniumLibrary">
<msg time="2025-01-02T17:37:11.730607" level="INFO">Typing text '' into text field 'id=password'.</msg>
<arg>${LOGIN_PASSWORD_LOCATOR}</arg>
<arg>${password}</arg>
<doc>Types the given ``text`` into the text field identified by ``locator``.</doc>
<status status="PASS" start="2025-01-02T17:37:11.730467" elapsed="0.338158"/>
</kw>
<arg>${password}</arg>
<status status="PASS" start="2025-01-02T17:37:11.730225" elapsed="0.338500"/>
</kw>
<kw name="Click &quot;Login&quot; Button" owner="Login">
<kw name="Click Button" owner="SeleniumLibrary">
<msg time="2025-01-02T17:37:12.069349" level="INFO">Clicking button 'id=login-button'.</msg>
<arg>${LOGIN_LOGIN_BUTTON}</arg>
<doc>Clicks the button identified by ``locator``.</doc>
<status status="PASS" start="2025-01-02T17:37:12.069137" elapsed="1.289246"/>
</kw>
<status status="PASS" start="2025-01-02T17:37:12.068898" elapsed="1.289632"/>
</kw>
<kw name="Verify Error Text" owner="Login">
<kw name="Wait Until Element Is Visible" owner="SeleniumLibrary">
<arg>${LOGIN_ERROR_LOCATOR}</arg>
<doc>Waits until the element ``locator`` is visible.</doc>
<status status="PASS" start="2025-01-02T17:37:13.359048" elapsed="0.092615"/>
</kw>
<kw name="Element Text Should Be" owner="SeleniumLibrary">
<msg time="2025-01-02T17:37:13.452090" level="INFO">Verifying element 'class=error-message-container.error' contains exact text 'Epic sadface: Password is required'.</msg>
<arg>${LOGIN_ERROR_LOCATOR}</arg>
<arg>${error_message_expected}</arg>
<doc>Verifies that element ``locator`` contains exact the text ``expected``.</doc>
<status status="PASS" start="2025-01-02T17:37:13.451863" elapsed="0.156740"/>
</kw>
<arg>${error_message_expected}</arg>
<status status="PASS" start="2025-01-02T17:37:13.358733" elapsed="0.249987"/>
</kw>
<arg>${BROWSER}</arg>
<arg>${USERNAME_SUCCESS}</arg>
<arg>${EMPTY}</arg>
<arg>${ERROR_WITHOUT_PASSWORD}</arg>
<doc>Attempts to log in with the given username and password, and verifies the displayed error message.
This keyword performs the following steps:
1. Inputs the provided username and password.
2. Clicks the login button.
3. Waits until the error message is visible on the page.
4. Compares the displayed error message with the expected error message to ensure correctness.
Arguments:
- username: The username to input in the login field.
- password: The password to input in the password field.
- error_message_expected: The expected error message text.</doc>
<status status="PASS" start="2025-01-02T17:36:59.544455" elapsed="14.064311"/>
</kw>
<kw name="Verify Error Messages" owner="LoginApp">
<kw name="Open Browser To Login Page" owner="Login">
<kw name="Open Browser" owner="SeleniumLibrary">
<msg time="2025-01-02T17:37:13.610597" level="INFO">Opening browser 'chrome' to base url 'https://www.saucedemo.com/'.</msg>
<arg>${URL}</arg>
<arg>${browser}</arg>
<doc>Opens a new browser instance to the optional ``url``.</doc>
<status status="PASS" start="2025-01-02T17:37:13.610375" elapsed="9.450632"/>
</kw>
<kw name="Maximize Browser Window" owner="SeleniumLibrary">
<doc>Maximizes current browser window.</doc>
<status status="PASS" start="2025-01-02T17:37:23.062433" elapsed="0.522107"/>
</kw>
<arg>${browser}</arg>
<status status="PASS" start="2025-01-02T17:37:13.610133" elapsed="9.974646"/>
</kw>
<kw name="Fill Username Field" owner="Login">
<kw name="Input Text" owner="SeleniumLibrary">
<msg time="2025-01-02T17:37:23.587089" level="INFO">Typing text 'locked_out_user' into text field 'id=user-name'.</msg>
<arg>${LOGIN_USERNAME_LOCATOR}</arg>
<arg>${username}</arg>
<doc>Types the given ``text`` into the text field identified by ``locator``.</doc>
<status status="PASS" start="2025-01-02T17:37:23.586775" elapsed="1.808355"/>
</kw>
<arg>${username}</arg>
<status status="PASS" start="2025-01-02T17:37:23.585745" elapsed="1.809486"/>
</kw>
<kw name="Fill Password Field" owner="Login">
<kw name="Input Text" owner="SeleniumLibrary">
<msg time="2025-01-02T17:37:25.395796" level="INFO">Typing text 'secret_sauce' into text field 'id=password'.</msg>
<arg>${LOGIN_PASSWORD_LOCATOR}</arg>
<arg>${password}</arg>
<doc>Types the given ``text`` into the text field identified by ``locator``.</doc>
<status status="PASS" start="2025-01-02T17:37:25.395654" elapsed="0.639601"/>
</kw>
<arg>${password}</arg>
<status status="PASS" start="2025-01-02T17:37:25.395404" elapsed="0.640046"/>
</kw>
<kw name="Click &quot;Login&quot; Button" owner="Login">
<kw name="Click Button" owner="SeleniumLibrary">
<msg time="2025-01-02T17:37:26.036153" level="INFO">Clicking button 'id=login-button'.</msg>
<arg>${LOGIN_LOGIN_BUTTON}</arg>
<doc>Clicks the button identified by ``locator``.</doc>
<status status="PASS" start="2025-01-02T17:37:26.035986" elapsed="2.089285"/>
</kw>
<status status="PASS" start="2025-01-02T17:37:26.035694" elapsed="2.089700"/>
</kw>
<kw name="Verify Error Text" owner="Login">
<kw name="Wait Until Element Is Visible" owner="SeleniumLibrary">
<arg>${LOGIN_ERROR_LOCATOR}</arg>
<doc>Waits until the element ``locator`` is visible.</doc>
<status status="PASS" start="2025-01-02T17:37:28.125999" elapsed="0.172338"/>
</kw>
<kw name="Element Text Should Be" owner="SeleniumLibrary">
<msg time="2025-01-02T17:37:28.298712" level="INFO">Verifying element 'class=error-message-container.error' contains exact text 'Epic sadface: Sorry, this user has been locked out.'.</msg>
<arg>${LOGIN_ERROR_LOCATOR}</arg>
<arg>${error_message_expected}</arg>
<doc>Verifies that element ``locator`` contains exact the text ``expected``.</doc>
<status status="PASS" start="2025-01-02T17:37:28.298522" elapsed="0.166793"/>
</kw>
<arg>${error_message_expected}</arg>
<status status="PASS" start="2025-01-02T17:37:28.125625" elapsed="0.339785"/>
</kw>
<arg>${BROWSER}</arg>
<arg>${USERNAME_LOCKED_OUT_USER}</arg>
<arg>${PASSWORD}</arg>
<arg>${ERROR_LOCKED_OUT_USER}</arg>
<doc>Attempts to log in with the given username and password, and verifies the displayed error message.
This keyword performs the following steps:
1. Inputs the provided username and password.
2. Clicks the login button.
3. Waits until the error message is visible on the page.
4. Compares the displayed error message with the expected error message to ensure correctness.
Arguments:
- username: The username to input in the login field.
- password: The password to input in the password field.
- error_message_expected: The expected error message text.</doc>
<status status="PASS" start="2025-01-02T17:37:13.609669" elapsed="14.855786"/>
</kw>
<kw name="Verify Error Messages" owner="LoginApp">
<kw name="Open Browser To Login Page" owner="Login">
<kw name="Open Browser" owner="SeleniumLibrary">
<msg time="2025-01-02T17:37:28.467047" level="INFO">Opening browser 'chrome' to base url 'https://www.saucedemo.com/'.</msg>
<arg>${URL}</arg>
<arg>${browser}</arg>
<doc>Opens a new browser instance to the optional ``url``.</doc>
<status status="PASS" start="2025-01-02T17:37:28.466838" elapsed="9.876655"/>
</kw>
<kw name="Maximize Browser Window" owner="SeleniumLibrary">
<doc>Maximizes current browser window.</doc>
<status status="PASS" start="2025-01-02T17:37:38.346295" elapsed="0.604131"/>
</kw>
<arg>${browser}</arg>
<status status="PASS" start="2025-01-02T17:37:28.466570" elapsed="10.484013"/>
</kw>
<kw name="Fill Username Field" owner="Login">
<kw name="Input Text" owner="SeleniumLibrary">
<msg time="2025-01-02T17:37:38.953048" level="INFO">Typing text 'test' into text field 'id=user-name'.</msg>
<arg>${LOGIN_USERNAME_LOCATOR}</arg>
<arg>${username}</arg>
<doc>Types the given ``text`` into the text field identified by ``locator``.</doc>
<status status="PASS" start="2025-01-02T17:37:38.952746" elapsed="2.258709"/>
</kw>
<arg>${username}</arg>
<status status="PASS" start="2025-01-02T17:37:38.951386" elapsed="2.260314"/>
</kw>
<kw name="Fill Password Field" owner="Login">
<kw name="Input Text" owner="SeleniumLibrary">
<msg time="2025-01-02T17:37:41.213073" level="INFO">Typing text 'secret_sauce' into text field 'id=password'.</msg>
<arg>${LOGIN_PASSWORD_LOCATOR}</arg>
<arg>${password}</arg>
<doc>Types the given ``text`` into the text field identified by ``locator``.</doc>
<status status="PASS" start="2025-01-02T17:37:41.212790" elapsed="0.904859"/>
</kw>
<arg>${password}</arg>
<status status="PASS" start="2025-01-02T17:37:41.212265" elapsed="0.905496"/>
</kw>
<kw name="Click &quot;Login&quot; Button" owner="Login">
<kw name="Click Button" owner="SeleniumLibrary">
<msg time="2025-01-02T17:37:42.118794" level="INFO">Clicking button 'id=login-button'.</msg>
<arg>${LOGIN_LOGIN_BUTTON}</arg>
<doc>Clicks the button identified by ``locator``.</doc>
<status status="PASS" start="2025-01-02T17:37:42.118507" elapsed="1.940157"/>
</kw>
<status status="PASS" start="2025-01-02T17:37:42.118007" elapsed="1.941857"/>
</kw>
<kw name="Verify Error Text" owner="Login">
<kw name="Wait Until Element Is Visible" owner="SeleniumLibrary">
<arg>${LOGIN_ERROR_LOCATOR}</arg>
<doc>Waits until the element ``locator`` is visible.</doc>
<status status="PASS" start="2025-01-02T17:37:44.061689" elapsed="0.227293"/>
</kw>
<kw name="Element Text Should Be" owner="SeleniumLibrary">
<msg time="2025-01-02T17:37:44.289828" level="INFO">Verifying element 'class=error-message-container.error' contains exact text 'Epic sadface: Username and password do not match any user in this service'.</msg>
<arg>${LOGIN_ERROR_LOCATOR}</arg>
<arg>${error_message_expected}</arg>
<doc>Verifies that element ``locator`` contains exact the text ``expected``.</doc>
<status status="PASS" start="2025-01-02T17:37:44.289456" elapsed="0.247040"/>
</kw>
<arg>${error_message_expected}</arg>
<status status="PASS" start="2025-01-02T17:37:44.060921" elapsed="0.475755"/>
</kw>
<arg>${BROWSER}</arg>
<arg>${USERNAME_DOES_NOT_MATCH}</arg>
<arg>${PASSWORD}</arg>
<arg>${ERROR_DOES_NOT_MATCH}</arg>
<doc>Attempts to log in with the given username and password, and verifies the displayed error message.
This keyword performs the following steps:
1. Inputs the provided username and password.
2. Clicks the login button.
3. Waits until the error message is visible on the page.
4. Compares the displayed error message with the expected error message to ensure correctness.
Arguments:
- username: The username to input in the login field.
- password: The password to input in the password field.
- error_message_expected: The expected error message text.</doc>
<status status="PASS" start="2025-01-02T17:37:28.466220" elapsed="16.070533"/>
</kw>
<kw name="Close Browser" owner="SeleniumLibrary" type="TEARDOWN">
<doc>Closes the current browser.</doc>
<status status="PASS" start="2025-01-02T17:37:44.538661" elapsed="0.460291"/>
</kw>
<tag>functional Login</tag>
<status status="PASS" start="2025-01-02T17:36:43.532622" elapsed="61.471686"/>
</test>
<test id="s1-t2" name="Verify Product Selection Updates Cart Icon" line="22">
<kw name="Login And Navigate To Product Page" owner="LoginApp" type="SETUP">
<kw name="Open Browser" owner="SeleniumLibrary">
<msg time="2025-01-02T17:37:45.039973" level="INFO">Opening browser 'chrome' to base url 'https://www.saucedemo.com/'.</msg>
<arg>${URL}</arg>
<arg>${BROWSER}</arg>
<doc>Opens a new browser instance to the optional ``url``.</doc>
<status status="PASS" start="2025-01-02T17:37:45.035969" elapsed="13.166761"/>
</kw>
<kw name="Fill Username Field" owner="Login">
<kw name="Input Text" owner="SeleniumLibrary">
<msg time="2025-01-02T17:37:58.208488" level="INFO">Typing text 'standard_user' into text field 'id=user-name'.</msg>
<arg>${LOGIN_USERNAME_LOCATOR}</arg>
<arg>${username}</arg>
<doc>Types the given ``text`` into the text field identified by ``locator``.</doc>
<status status="PASS" start="2025-01-02T17:37:58.207951" elapsed="2.334833"/>
</kw>
<arg>${USERNAME_SUCCESS}</arg>
<status status="PASS" start="2025-01-02T17:37:58.205089" elapsed="2.337820"/>
</kw>
<kw name="Fill Password Field" owner="Login">
<kw name="Input Text" owner="SeleniumLibrary">
<msg time="2025-01-02T17:38:00.543539" level="INFO">Typing text 'secret_sauce' into text field 'id=password'.</msg>
<arg>${LOGIN_PASSWORD_LOCATOR}</arg>
<arg>${password}</arg>
<doc>Types the given ``text`` into the text field identified by ``locator``.</doc>
<status status="PASS" start="2025-01-02T17:38:00.543369" elapsed="0.485217"/>
</kw>
<arg>${PASSWORD}</arg>
<status status="PASS" start="2025-01-02T17:38:00.543109" elapsed="0.485579"/>
</kw>
<kw name="Click &quot;Login&quot; Button" owner="Login">
<kw name="Click Button" owner="SeleniumLibrary">
<msg time="2025-01-02T17:38:01.029454" level="INFO">Clicking button 'id=login-button'.</msg>
<arg>${LOGIN_LOGIN_BUTTON}</arg>
<doc>Clicks the button identified by ``locator``.</doc>
<status status="PASS" start="2025-01-02T17:38:01.029290" elapsed="2.094786"/>
</kw>
<status status="PASS" start="2025-01-02T17:38:01.028854" elapsed="2.096092"/>
</kw>
<status status="PASS" start="2025-01-02T17:37:45.020611" elapsed="18.104419"/>
</kw>
<kw name="Add Products To Your Cart By Random Indices" owner="SwagLabsApp">
<kw name="Retrieve Product Data And Store In Dictionary" owner="Products">
<kw name="Get Length Of Items" owner="Common">
<kw name="Get WebElements" owner="SeleniumLibrary">
<msg time="2025-01-02T17:38:03.305630" level="INFO">${items} = [&lt;selenium.webdriver.remote.webelement.WebElement (session="62e07c2fee0b77b11dfd650fbefaef4d", element="f.7F2A3F51BEA6DFACAD59306160BA72B3.d.9811DD47F4D2D5170287C8283FAB4A06.e.30")&gt;, &lt;selenium.webdriv...</msg>
<var>${items}</var>
<arg>${locator}</arg>
<doc>Returns a list of WebElement objects matching the ``locator``.</doc>
<status status="PASS" start="2025-01-02T17:38:03.128832" elapsed="0.176841"/>
</kw>
<kw name="Get Length" owner="BuiltIn">
<msg time="2025-01-02T17:38:03.306014" level="INFO">Length is 6.</msg>
<msg time="2025-01-02T17:38:03.306061" level="INFO">${items_count} = 6</msg>
<var>${items_count}</var>
<arg>${items}</arg>
<doc>Returns and logs the length of the given item as an integer.</doc>
<status status="PASS" start="2025-01-02T17:38:03.305866" elapsed="0.000209"/>
</kw>
<return>
<value>${items_count}</value>
<status status="PASS" start="2025-01-02T17:38:03.306123" elapsed="0.000058"/>
</return>
<msg time="2025-01-02T17:38:03.306277" level="INFO">${items_count} = 6</msg>
<var>${items_count}</var>
<arg>${ITEMS_LOCATOR}</arg>
<status status="PASS" start="2025-01-02T17:38:03.128566" elapsed="0.177726"/>
</kw>
<kw name="Create Items List" owner="Common">
<kw name="Create List" owner="BuiltIn">
<msg time="2025-01-02T17:38:03.306727" level="INFO">@{item_name} = [ ]</msg>
<var>@{item_name}</var>
<doc>Returns a list containing given items.</doc>
<status status="PASS" start="2025-01-02T17:38:03.306645" elapsed="0.000098"/>
</kw>
<kw name="Create List" owner="BuiltIn">
<msg time="2025-01-02T17:38:03.306907" level="INFO">@{item_desc} = [ ]</msg>
<var>@{item_desc}</var>
<doc>Returns a list containing given items.</doc>
<status status="PASS" start="2025-01-02T17:38:03.306833" elapsed="0.000090"/>
</kw>
<kw name="Create List" owner="BuiltIn">
<msg time="2025-01-02T17:38:03.307077" level="INFO">@{item_price} = [ ]</msg>
<var>@{item_price}</var>
<doc>Returns a list containing given items.</doc>
<status status="PASS" start="2025-01-02T17:38:03.307009" elapsed="0.000081"/>
</kw>
<kw name="Create List" owner="BuiltIn">
<msg time="2025-01-02T17:38:03.307243" level="INFO">@{item_status} = [ ]</msg>
<var>@{item_status}</var>
<doc>Returns a list containing given items.</doc>
<status status="PASS" start="2025-01-02T17:38:03.307174" elapsed="0.000082"/>
</kw>
<return>
<value>${item_name}</value>
<value>${item_desc}</value>
<value>${item_price}</value>
<value>${item_status}</value>
<status status="PASS" start="2025-01-02T17:38:03.307286" elapsed="0.000026"/>
</return>
<msg time="2025-01-02T17:38:03.307443" level="INFO">${item_name} = []</msg>
<msg time="2025-01-02T17:38:03.307465" level="INFO">${item_desc} = []</msg>
<msg time="2025-01-02T17:38:03.307484" level="INFO">${item_price} = []</msg>
<msg time="2025-01-02T17:38:03.307504" level="INFO">${item_status} = []</msg>
<var>${item_name}</var>
<var>${item_desc}</var>
<var>${item_price}</var>
<var>${item_status}</var>
<status status="PASS" start="2025-01-02T17:38:03.306465" elapsed="0.001051"/>
</kw>
<for flavor="IN RANGE">
<iter>
<kw name="Retrieve Name Item Text" owner="Common">
<kw name="Set Variable" owner="BuiltIn">
<msg time="2025-01-02T17:38:03.311234" level="INFO">${item_locator} = css:.inventory_item:nth-of-type(1) .inventory_item_name</msg>
<var>${item_locator}</var>
<arg>${locator.replace('{index}', str(${index}))}</arg>
<doc>Returns the given values which can then be assigned to a variables.</doc>
<status status="PASS" start="2025-01-02T17:38:03.310448" elapsed="0.000806"/>
</kw>
<kw name="Get Text" owner="SeleniumLibrary">
<msg time="2025-01-02T17:38:03.490243" level="INFO">${item_text} = Sauce Labs Backpack</msg>
<var>${item_text}</var>
<arg>${item_locator}</arg>
<doc>Returns the text value of the element identified by ``locator``.</doc>
<status status="PASS" start="2025-01-02T17:38:03.311370" elapsed="0.178905"/>
</kw>
<return>
<value>${item_text}</value>
<status status="PASS" start="2025-01-02T17:38:03.490342" elapsed="0.000041"/>
</return>
<msg time="2025-01-02T17:38:03.490481" level="INFO">${name} = Sauce Labs Backpack</msg>
<var>${name}</var>
<arg>${index}</arg>
<arg>${ITEM_NAME_LOCATOR}</arg>
<status status="PASS" start="2025-01-02T17:38:03.310199" elapsed="0.180298"/>
</kw>
<kw name="Append To List" owner="Collections">
<arg>${item_name}</arg>
<arg>${name}</arg>
<doc>Adds ``values`` to the end of ``list``.</doc>
<status status="PASS" start="2025-01-02T17:38:03.490622" elapsed="0.000108"/>
</kw>
<kw name="Retrieve Description Item Text" owner="Common">
<kw name="Set Variable" owner="BuiltIn">
<msg time="2025-01-02T17:38:03.491600" level="INFO">${item_locator} = css:.inventory_item:nth-of-type(1) .inventory_item_desc</msg>
<var>${item_locator}</var>
<arg>${locator.replace('{index}', str(${index}))}</arg>
<doc>Returns the given values which can then be assigned to a variables.</doc>
<status status="PASS" start="2025-01-02T17:38:03.491083" elapsed="0.000535"/>
</kw>
<kw name="Get Text" owner="SeleniumLibrary">
<msg time="2025-01-02T17:38:03.718171" level="INFO">${item_text} = carry.allTheThings() with the sleek, streamlined Sly Pack that melds uncompromising style with unequaled laptop and tablet protection.</msg>
<var>${item_text}</var>
<arg>${item_locator}</arg>
<doc>Returns the text value of the element identified by ``locator``.</doc>
<status status="PASS" start="2025-01-02T17:38:03.491712" elapsed="0.226494"/>
</kw>
<return>
<value>${item_text}</value>
<status status="PASS" start="2025-01-02T17:38:03.718286" elapsed="0.000051"/>
</return>
<msg time="2025-01-02T17:38:03.718478" level="INFO">${desc} = carry.allTheThings() with the sleek, streamlined Sly Pack that melds uncompromising style with unequaled laptop and tablet protection.</msg>
<var>${desc}</var>
<arg>${index}</arg>
<arg>${ITEM_DESCRIPTION_LOCATOR}</arg>
<status status="PASS" start="2025-01-02T17:38:03.490875" elapsed="0.227926"/>
</kw>
<kw name="Append To List" owner="Collections">
<arg>${item_desc}</arg>
<arg>${desc}</arg>
<doc>Adds ``values`` to the end of ``list``.</doc>
<status status="PASS" start="2025-01-02T17:38:03.718975" elapsed="0.000141"/>
</kw>
<kw name="Retrieve Price Item Text" owner="Common">
<kw name="Set Variable" owner="BuiltIn">
<msg time="2025-01-02T17:38:03.720036" level="INFO">${item_locator} = css:.inventory_item:nth-of-type(1) .inventory_item_price</msg>
<var>${item_locator}</var>
<arg>${locator.replace('{index}', str(${index}))}</arg>
<doc>Returns the given values which can then be assigned to a variables.</doc>
<status status="PASS" start="2025-01-02T17:38:03.719498" elapsed="0.000557"/>
</kw>
<kw name="Get Text" owner="SeleniumLibrary">
<msg time="2025-01-02T17:38:03.765352" level="INFO">${item_text} = $29.99</msg>
<var>${item_text}</var>
<arg>${item_locator}</arg>
<doc>Returns the text value of the element identified by ``locator``.</doc>
<status status="PASS" start="2025-01-02T17:38:03.720166" elapsed="0.045216"/>
</kw>
<return>
<value>${item_text}</value>
<status status="PASS" start="2025-01-02T17:38:03.765447" elapsed="0.000038"/>
</return>
<msg time="2025-01-02T17:38:03.765580" level="INFO">${price} = $29.99</msg>
<var>${price}</var>
<arg>${index}</arg>
<arg>${ITEM_PRICE_LOCATOR}</arg>
<status status="PASS" start="2025-01-02T17:38:03.719278" elapsed="0.046317"/>
</kw>
<kw name="Append To List" owner="Collections">
<arg>${item_price}</arg>
<arg>${price}</arg>
<doc>Adds ``values`` to the end of ``list``.</doc>
<status status="PASS" start="2025-01-02T17:38:03.765723" elapsed="0.000108"/>
</kw>
<kw name="Retrieve Status Item Text" owner="Common">
<kw name="Set Variable" owner="BuiltIn">
<msg time="2025-01-02T17:38:03.766682" level="INFO">${item_locator} = xpath:(//div[contains(@class, 'pricebar')])[1]//button</msg>
<var>${item_locator}</var>
<arg>${locator.replace('{index}', str(${index}))}</arg>
<doc>Returns the given values which can then be assigned to a variables.</doc>
<status status="PASS" start="2025-01-02T17:38:03.766177" elapsed="0.000521"/>
</kw>
<kw name="Get Text" owner="SeleniumLibrary">
<msg time="2025-01-02T17:38:03.841175" level="INFO">${item_text} = Add to cart</msg>
<var>${item_text}</var>
<arg>${item_locator}</arg>
<doc>Returns the text value of the element identified by ``locator``.</doc>
<status status="PASS" start="2025-01-02T17:38:03.766790" elapsed="0.074416"/>
</kw>
<return>
<value>${item_text}</value>
<status status="PASS" start="2025-01-02T17:38:03.841273" elapsed="0.000042"/>
</return>
<msg time="2025-01-02T17:38:03.841409" level="INFO">${status} = Add to cart</msg>
<var>${status}</var>
<arg>${index}</arg>
<arg>${ITEM_STATUS_BUTTON}</arg>
<status status="PASS" start="2025-01-02T17:38:03.765972" elapsed="0.075453"/>
</kw>
<kw name="Append To List" owner="Collections">
<arg>${item_status}</arg>
<arg>${status}</arg>
<doc>Adds ``values`` to the end of ``list``.</doc>
<status status="PASS" start="2025-01-02T17:38:03.841559" elapsed="0.000113"/>
</kw>
<var name="${index}">1</var>
<status status="PASS" start="2025-01-02T17:38:03.310044" elapsed="0.531658"/>
</iter>
<iter>
<kw name="Retrieve Name Item Text" owner="Common">
<kw name="Set Variable" owner="BuiltIn">
<msg time="2025-01-02T17:38:03.842734" level="INFO">${item_locator} = css:.inventory_item:nth-of-type(2) .inventory_item_name</msg>
<var>${item_locator}</var>
<arg>${locator.replace('{index}', str(${index}))}</arg>
<doc>Returns the given values which can then be assigned to a variables.</doc>
<status status="PASS" start="2025-01-02T17:38:03.842157" elapsed="0.000595"/>
</kw>
<kw name="Get Text" owner="SeleniumLibrary">
<msg time="2025-01-02T17:38:03.856980" level="INFO">${item_text} = Sauce Labs Bike Light</msg>
<var>${item_text}</var>
<arg>${item_locator}</arg>
<doc>Returns the text value of the element identified by ``locator``.</doc>
<status status="PASS" start="2025-01-02T17:38:03.842849" elapsed="0.014157"/>
</kw>
<return>
<value>${item_text}</value>
<status status="PASS" start="2025-01-02T17:38:03.857059" elapsed="0.000034"/>
</return>
<msg time="2025-01-02T17:38:03.857181" level="INFO">${name} = Sauce Labs Bike Light</msg>
<var>${name}</var>
<arg>${index}</arg>
<arg>${ITEM_NAME_LOCATOR}</arg>
<status status="PASS" start="2025-01-02T17:38:03.841946" elapsed="0.015249"/>
</kw>
<kw name="Append To List" owner="Collections">
<arg>${item_name}</arg>
<arg>${name}</arg>
<doc>Adds ``values`` to the end of ``list``.</doc>
<status status="PASS" start="2025-01-02T17:38:03.857307" elapsed="0.000102"/>
</kw>
<kw name="Retrieve Description Item Text" owner="Common">
<kw name="Set Variable" owner="BuiltIn">
<msg time="2025-01-02T17:38:03.858246" level="INFO">${item_locator} = css:.inventory_item:nth-of-type(2) .inventory_item_desc</msg>
<var>${item_locator}</var>
<arg>${locator.replace('{index}', str(${index}))}</arg>
<doc>Returns the given values which can then be assigned to a variables.</doc>
<status status="PASS" start="2025-01-02T17:38:03.857746" elapsed="0.000517"/>
</kw>
<kw name="Get Text" owner="SeleniumLibrary">
<msg time="2025-01-02T17:38:03.873859" level="INFO">${item_text} = A red light isn't the desired state in testing but it sure helps when riding your bike at night. Water-resistant with 3 lighting modes, 1 AAA battery included.</msg>
<var>${item_text}</var>
<arg>${item_locator}</arg>
<doc>Returns the text value of the element identified by ``locator``.</doc>
<status status="PASS" start="2025-01-02T17:38:03.858357" elapsed="0.015525"/>
</kw>
<return>
<value>${item_text}</value>
<status status="PASS" start="2025-01-02T17:38:03.873932" elapsed="0.000035"/>
</return>
<msg time="2025-01-02T17:38:03.874048" level="INFO">${desc} = A red light isn't the desired state in testing but it sure helps when riding your bike at night. Water-resistant with 3 lighting modes, 1 AAA battery included.</msg>
<var>${desc}</var>
<arg>${index}</arg>
<arg>${ITEM_DESCRIPTION_LOCATOR}</arg>
<status status="PASS" start="2025-01-02T17:38:03.857547" elapsed="0.016516"/>
</kw>
<kw name="Append To List" owner="Collections">
<arg>${item_desc}</arg>
<arg>${desc}</arg>
<doc>Adds ``values`` to the end of ``list``.</doc>
<status status="PASS" start="2025-01-02T17:38:03.874168" elapsed="0.000093"/>
</kw>
<kw name="Retrieve Price Item Text" owner="Common">
<kw name="Set Variable" owner="BuiltIn">
<msg time="2025-01-02T17:38:03.875074" level="INFO">${item_locator} = css:.inventory_item:nth-of-type(2) .inventory_item_price</msg>
<var>${item_locator}</var>
<arg>${locator.replace('{index}', str(${index}))}</arg>
<doc>Returns the given values which can then be assigned to a variables.</doc>
<status status="PASS" start="2025-01-02T17:38:03.874580" elapsed="0.000511"/>
</kw>
<kw name="Get Text" owner="SeleniumLibrary">
<msg time="2025-01-02T17:38:03.887818" level="INFO">${item_text} = $9.99</msg>
<var>${item_text}</var>
<arg>${item_locator}</arg>
<doc>Returns the text value of the element identified by ``locator``.</doc>
<status status="PASS" start="2025-01-02T17:38:03.875182" elapsed="0.012656"/>
</kw>
<return>
<value>${item_text}</value>
<status status="PASS" start="2025-01-02T17:38:03.887881" elapsed="0.000025"/>
</return>
<msg time="2025-01-02T17:38:03.887979" level="INFO">${price} = $9.99</msg>
<var>${price}</var>
<arg>${index}</arg>
<arg>${ITEM_PRICE_LOCATOR}</arg>
<status status="PASS" start="2025-01-02T17:38:03.874389" elapsed="0.013603"/>
</kw>
<kw name="Append To List" owner="Collections">
<arg>${item_price}</arg>
<arg>${price}</arg>
<doc>Adds ``values`` to the end of ``list``.</doc>
<status status="PASS" start="2025-01-02T17:38:03.888087" elapsed="0.000089"/>
</kw>
<kw name="Retrieve Status Item Text" owner="Common">
<kw name="Set Variable" owner="BuiltIn">
<msg time="2025-01-02T17:38:03.888956" level="INFO">${item_locator} = xpath:(//div[contains(@class, 'pricebar')])[2]//button</msg>
<var>${item_locator}</var>
<arg>${locator.replace('{index}', str(${index}))}</arg>
<doc>Returns the given values which can then be assigned to a variables.</doc>
<status status="PASS" start="2025-01-02T17:38:03.888484" elapsed="0.000559"/>
</kw>
<kw name="Get Text" owner="SeleniumLibrary">
<msg time="2025-01-02T17:38:03.902174" level="INFO">${item_text} = Add to cart</msg>
<var>${item_text}</var>
<arg>${item_locator}</arg>
<doc>Returns the text value of the element identified by ``locator``.</doc>
<status status="PASS" start="2025-01-02T17:38:03.889137" elapsed="0.013057"/>
</kw>
<return>
<value>${item_text}</value>
<status status="PASS" start="2025-01-02T17:38:03.902237" elapsed="0.000024"/>
</return>
<msg time="2025-01-02T17:38:03.902334" level="INFO">${status} = Add to cart</msg>
<var>${status}</var>
<arg>${index}</arg>
<arg>${ITEM_STATUS_BUTTON}</arg>
<status status="PASS" start="2025-01-02T17:38:03.888298" elapsed="0.014050"/>
</kw>
<kw name="Append To List" owner="Collections">
<arg>${item_status}</arg>
<arg>${status}</arg>
<doc>Adds ``values`` to the end of ``list``.</doc>
<status status="PASS" start="2025-01-02T17:38:03.902444" elapsed="0.000093"/>
</kw>
<var name="${index}">2</var>
<status status="PASS" start="2025-01-02T17:38:03.841809" elapsed="0.060755"/>
</iter>
<iter>
<kw name="Retrieve Name Item Text" owner="Common">
<kw name="Set Variable" owner="BuiltIn">
<msg time="2025-01-02T17:38:03.903586" level="INFO">${item_locator} = css:.inventory_item:nth-of-type(3) .inventory_item_name</msg>
<var>${item_locator}</var>
<arg>${locator.replace('{index}', str(${index}))}</arg>
<doc>Returns the given values which can then be assigned to a variables.</doc>
<status status="PASS" start="2025-01-02T17:38:03.902958" elapsed="0.000645"/>
</kw>
<kw name="Get Text" owner="SeleniumLibrary">
<msg time="2025-01-02T17:38:03.915925" level="INFO">${item_text} = Sauce Labs Bolt T-Shirt</msg>
<var>${item_text}</var>
<arg>${item_locator}</arg>
<doc>Returns the text value of the element identified by ``locator``.</doc>
<status status="PASS" start="2025-01-02T17:38:03.903695" elapsed="0.012249"/>
</kw>
<return>
<value>${item_text}</value>
<status status="PASS" start="2025-01-02T17:38:03.915983" elapsed="0.000023"/>
</return>
<msg time="2025-01-02T17:38:03.916078" level="INFO">${name} = Sauce Labs Bolt T-Shirt</msg>
<var>${name}</var>
<arg>${index}</arg>
<arg>${ITEM_NAME_LOCATOR}</arg>
<status status="PASS" start="2025-01-02T17:38:03.902770" elapsed="0.013321"/>
</kw>
<kw name="Append To List" owner="Collections">
<arg>${item_name}</arg>
<arg>${name}</arg>
<doc>Adds ``values`` to the end of ``list``.</doc>
<status status="PASS" start="2025-01-02T17:38:03.916183" elapsed="0.000088"/>
</kw>
<kw name="Retrieve Description Item Text" owner="Common">
<kw name="Set Variable" owner="BuiltIn">
<msg time="2025-01-02T17:38:03.917029" level="INFO">${item_locator} = css:.inventory_item:nth-of-type(3) .inventory_item_desc</msg>
<var>${item_locator}</var>
<arg>${locator.replace('{index}', str(${index}))}</arg>
<doc>Returns the given values which can then be assigned to a variables.</doc>
<status status="PASS" start="2025-01-02T17:38:03.916575" elapsed="0.000471"/>
</kw>
<kw name="Get Text" owner="SeleniumLibrary">
<msg time="2025-01-02T17:38:03.930055" level="INFO">${item_text} = Get your testing superhero on with the Sauce Labs bolt T-shirt. From American Apparel, 100% ringspun combed cotton, heather gray with red bolt.</msg>
<var>${item_text}</var>
<arg>${item_locator}</arg>
<doc>Returns the text value of the element identified by ``locator``.</doc>
<status status="PASS" start="2025-01-02T17:38:03.917135" elapsed="0.012945"/>
</kw>
<return>
<value>${item_text}</value>
<status status="PASS" start="2025-01-02T17:38:03.930130" elapsed="0.000028"/>
</return>
<msg time="2025-01-02T17:38:03.930241" level="INFO">${desc} = Get your testing superhero on with the Sauce Labs bolt T-shirt. From American Apparel, 100% ringspun combed cotton, heather gray with red bolt.</msg>
<var>${desc}</var>
<arg>${index}</arg>
<arg>${ITEM_DESCRIPTION_LOCATOR}</arg>
<status status="PASS" start="2025-01-02T17:38:03.916390" elapsed="0.013866"/>
</kw>
<kw name="Append To List" owner="Collections">
<arg>${item_desc}</arg>
<arg>${desc}</arg>
<doc>Adds ``values`` to the end of ``list``.</doc>
<status status="PASS" start="2025-01-02T17:38:03.930359" elapsed="0.000096"/>
</kw>
<kw name="Retrieve Price Item Text" owner="Common">
<kw name="Set Variable" owner="BuiltIn">
<msg time="2025-01-02T17:38:03.931257" level="INFO">${item_locator} = css:.inventory_item:nth-of-type(3) .inventory_item_price</msg>
<var>${item_locator}</var>
<arg>${locator.replace('{index}', str(${index}))}</arg>
<doc>Returns the given values which can then be assigned to a variables.</doc>
<status status="PASS" start="2025-01-02T17:38:03.930785" elapsed="0.000489"/>
</kw>
<kw name="Get Text" owner="SeleniumLibrary">
<msg time="2025-01-02T17:38:03.943700" level="INFO">${item_text} = $15.99</msg>
<var>${item_text}</var>
<arg>${item_locator}</arg>
<doc>Returns the text value of the element identified by ``locator``.</doc>
<status status="PASS" start="2025-01-02T17:38:03.931367" elapsed="0.012355"/>
</kw>
<return>
<value>${item_text}</value>
<status status="PASS" start="2025-01-02T17:38:03.943768" elapsed="0.000025"/>
</return>
<msg time="2025-01-02T17:38:03.943871" level="INFO">${price} = $15.99</msg>
<var>${price}</var>
<arg>${index}</arg>
<arg>${ITEM_PRICE_LOCATOR}</arg>
<status status="PASS" start="2025-01-02T17:38:03.930587" elapsed="0.013298"/>
</kw>
<kw name="Append To List" owner="Collections">
<arg>${item_price}</arg>
<arg>${price}</arg>
<doc>Adds ``values`` to the end of ``list``.</doc>
<status status="PASS" start="2025-01-02T17:38:03.943983" elapsed="0.000094"/>
</kw>
<kw name="Retrieve Status Item Text" owner="Common">
<kw name="Set Variable" owner="BuiltIn">
<msg time="2025-01-02T17:38:03.944876" level="INFO">${item_locator} = xpath:(//div[contains(@class, 'pricebar')])[3]//button</msg>
<var>${item_locator}</var>
<arg>${locator.replace('{index}', str(${index}))}</arg>
<doc>Returns the given values which can then be assigned to a variables.</doc>
<status status="PASS" start="2025-01-02T17:38:03.944396" elapsed="0.000498"/>
</kw>
<kw name="Get Text" owner="SeleniumLibrary">
<msg time="2025-01-02T17:38:03.958694" level="INFO">${item_text} = Add to cart</msg>
<var>${item_text}</var>
<arg>${item_locator}</arg>
<doc>Returns the text value of the element identified by ``locator``.</doc>
<status status="PASS" start="2025-01-02T17:38:03.944991" elapsed="0.013724"/>
</kw>
<return>
<value>${item_text}</value>
<status status="PASS" start="2025-01-02T17:38:03.958757" elapsed="0.000024"/>
</return>
<msg time="2025-01-02T17:38:03.958856" level="INFO">${status} = Add to cart</msg>
<var>${status}</var>
<arg>${index}</arg>
<arg>${ITEM_STATUS_BUTTON}</arg>
<status status="PASS" start="2025-01-02T17:38:03.944206" elapsed="0.014663"/>
</kw>
<kw name="Append To List" owner="Collections">
<arg>${item_status}</arg>
<arg>${status}</arg>
<doc>Adds ``values`` to the end of ``list``.</doc>
<status status="PASS" start="2025-01-02T17:38:03.958964" elapsed="0.000094"/>
</kw>
<var name="${index}">3</var>
<status status="PASS" start="2025-01-02T17:38:03.902659" elapsed="0.056426"/>
</iter>
<iter>
<kw name="Retrieve Name Item Text" owner="Common">
<kw name="Set Variable" owner="BuiltIn">
<msg time="2025-01-02T17:38:03.959931" level="INFO">${item_locator} = css:.inventory_item:nth-of-type(4) .inventory_item_name</msg>
<var>${item_locator}</var>
<arg>${locator.replace('{index}', str(${index}))}</arg>
<doc>Returns the given values which can then be assigned to a variables.</doc>
<status status="PASS" start="2025-01-02T17:38:03.959473" elapsed="0.000474"/>
</kw>
<kw name="Get Text" owner="SeleniumLibrary">
<msg time="2025-01-02T17:38:03.972225" level="INFO">${item_text} = Sauce Labs Fleece Jacket</msg>
<var>${item_text}</var>
<arg>${item_locator}</arg>
<doc>Returns the text value of the element identified by ``locator``.</doc>
<status status="PASS" start="2025-01-02T17:38:03.960037" elapsed="0.012207"/>
</kw>
<return>
<value>${item_text}</value>
<status status="PASS" start="2025-01-02T17:38:03.972285" elapsed="0.000023"/>
</return>
<msg time="2025-01-02T17:38:03.972448" level="INFO">${name} = Sauce Labs Fleece Jacket</msg>
<var>${name}</var>
<arg>${index}</arg>
<arg>${ITEM_NAME_LOCATOR}</arg>
<status status="PASS" start="2025-01-02T17:38:03.959285" elapsed="0.013177"/>
</kw>
<kw name="Append To List" owner="Collections">
<arg>${item_name}</arg>
<arg>${name}</arg>
<doc>Adds ``values`` to the end of ``list``.</doc>
<status status="PASS" start="2025-01-02T17:38:03.972555" elapsed="0.000089"/>
</kw>
<kw name="Retrieve Description Item Text" owner="Common">
<kw name="Set Variable" owner="BuiltIn">
<msg time="2025-01-02T17:38:03.973417" level="INFO">${item_locator} = css:.inventory_item:nth-of-type(4) .inventory_item_desc</msg>
<var>${item_locator}</var>
<arg>${locator.replace('{index}', str(${index}))}</arg>
<doc>Returns the given values which can then be assigned to a variables.</doc>
<status status="PASS" start="2025-01-02T17:38:03.972959" elapsed="0.000475"/>
</kw>
<kw name="Get Text" owner="SeleniumLibrary">
<msg time="2025-01-02T17:38:03.992431" level="INFO">${item_text} = It's not every day that you come across a midweight quarter-zip fleece jacket capable of handling everything from a relaxing day outdoors to a busy day at the office.</msg>
<var>${item_text}</var>
<arg>${item_locator}</arg>
<doc>Returns the text value of the element identified by ``locator``.</doc>
<status status="PASS" start="2025-01-02T17:38:03.973525" elapsed="0.018930"/>
</kw>
<return>
<value>${item_text}</value>
<status status="PASS" start="2025-01-02T17:38:03.992504" elapsed="0.000026"/>
</return>
<msg time="2025-01-02T17:38:03.992612" level="INFO">${desc} = It's not every day that you come across a midweight quarter-zip fleece jacket capable of handling everything from a relaxing day outdoors to a busy day at the office.</msg>
<var>${desc}</var>
<arg>${index}</arg>
<arg>${ITEM_DESCRIPTION_LOCATOR}</arg>
<status status="PASS" start="2025-01-02T17:38:03.972768" elapsed="0.019859"/>
</kw>
<kw name="Append To List" owner="Collections">
<arg>${item_desc}</arg>
<arg>${desc}</arg>
<doc>Adds ``values`` to the end of ``list``.</doc>
<status status="PASS" start="2025-01-02T17:38:03.992730" elapsed="0.000094"/>
</kw>
<kw name="Retrieve Price Item Text" owner="Common">
<kw name="Set Variable" owner="BuiltIn">
<msg time="2025-01-02T17:38:03.993778" level="INFO">${item_locator} = css:.inventory_item:nth-of-type(4) .inventory_item_price</msg>
<var>${item_locator}</var>
<arg>${locator.replace('{index}', str(${index}))}</arg>
<doc>Returns the given values which can then be assigned to a variables.</doc>
<status status="PASS" start="2025-01-02T17:38:03.993157" elapsed="0.000638"/>
</kw>
<kw name="Get Text" owner="SeleniumLibrary">
<msg time="2025-01-02T17:38:04.006384" level="INFO">${item_text} = $49.99</msg>
<var>${item_text}</var>
<arg>${item_locator}</arg>
<doc>Returns the text value of the element identified by ``locator``.</doc>
<status status="PASS" start="2025-01-02T17:38:03.993891" elapsed="0.012515"/>
</kw>
<return>
<value>${item_text}</value>
<status status="PASS" start="2025-01-02T17:38:04.006454" elapsed="0.000024"/>
</return>
<msg time="2025-01-02T17:38:04.006554" level="INFO">${price} = $49.99</msg>
<var>${price}</var>
<arg>${index}</arg>
<arg>${ITEM_PRICE_LOCATOR}</arg>
<status status="PASS" start="2025-01-02T17:38:03.992952" elapsed="0.013616"/>
</kw>
<kw name="Append To List" owner="Collections">
<arg>${item_price}</arg>
<arg>${price}</arg>
<doc>Adds ``values`` to the end of ``list``.</doc>
<status status="PASS" start="2025-01-02T17:38:04.006665" elapsed="0.000093"/>
</kw>
<kw name="Retrieve Status Item Text" owner="Common">
<kw name="Set Variable" owner="BuiltIn">
<msg time="2025-01-02T17:38:04.007533" level="INFO">${item_locator} = xpath:(//div[contains(@class, 'pricebar')])[4]//button</msg>
<var>${item_locator}</var>
<arg>${locator.replace('{index}', str(${index}))}</arg>
<doc>Returns the given values which can then be assigned to a variables.</doc>
<status status="PASS" start="2025-01-02T17:38:04.007072" elapsed="0.000478"/>
</kw>
<kw name="Get Text" owner="SeleniumLibrary">
<msg time="2025-01-02T17:38:04.020340" level="INFO">${item_text} = Add to cart</msg>
<var>${item_text}</var>
<arg>${item_locator}</arg>
<doc>Returns the text value of the element identified by ``locator``.</doc>
<status status="PASS" start="2025-01-02T17:38:04.007642" elapsed="0.012718"/>
</kw>
<return>
<value>${item_text}</value>
<status status="PASS" start="2025-01-02T17:38:04.020403" elapsed="0.000023"/>
</return>
<msg time="2025-01-02T17:38:04.020500" level="INFO">${status} = Add to cart</msg>
<var>${status}</var>
<arg>${index}</arg>
<arg>${ITEM_STATUS_BUTTON}</arg>
<status status="PASS" start="2025-01-02T17:38:04.006884" elapsed="0.013630"/>
</kw>
<kw name="Append To List" owner="Collections">
<arg>${item_status}</arg>
<arg>${status}</arg>
<doc>Adds ``values`` to the end of ``list``.</doc>
<status status="PASS" start="2025-01-02T17:38:04.020610" elapsed="0.000090"/>
</kw>
<var name="${index}">4</var>
<status status="PASS" start="2025-01-02T17:38:03.959174" elapsed="0.061553"/>
</iter>
<iter>
<kw name="Retrieve Name Item Text" owner="Common">
<kw name="Set Variable" owner="BuiltIn">
<msg time="2025-01-02T17:38:04.021570" level="INFO">${item_locator} = css:.inventory_item:nth-of-type(5) .inventory_item_name</msg>
<var>${item_locator}</var>
<arg>${locator.replace('{index}', str(${index}))}</arg>
<doc>Returns the given values which can then be assigned to a variables.</doc>
<status status="PASS" start="2025-01-02T17:38:04.021116" elapsed="0.000470"/>
</kw>
<kw name="Get Text" owner="SeleniumLibrary">
<msg time="2025-01-02T17:38:04.037398" level="INFO">${item_text} = Sauce Labs Onesie</msg>
<var>${item_text}</var>
<arg>${item_locator}</arg>
<doc>Returns the text value of the element identified by ``locator``.</doc>
<status status="PASS" start="2025-01-02T17:38:04.021677" elapsed="0.015741"/>
</kw>
<return>
<value>${item_text}</value>
<status status="PASS" start="2025-01-02T17:38:04.037461" elapsed="0.000024"/>
</return>
<msg time="2025-01-02T17:38:04.037560" level="INFO">${name} = Sauce Labs Onesie</msg>
<var>${name}</var>
<arg>${index}</arg>
<arg>${ITEM_NAME_LOCATOR}</arg>
<status status="PASS" start="2025-01-02T17:38:04.020926" elapsed="0.016648"/>
</kw>
<kw name="Append To List" owner="Collections">
<arg>${item_name}</arg>
<arg>${name}</arg>
<doc>Adds ``values`` to the end of ``list``.</doc>
<status status="PASS" start="2025-01-02T17:38:04.037669" elapsed="0.000089"/>
</kw>
<kw name="Retrieve Description Item Text" owner="Common">
<kw name="Set Variable" owner="BuiltIn">
<msg time="2025-01-02T17:38:04.038523" level="INFO">${item_locator} = css:.inventory_item:nth-of-type(5) .inventory_item_desc</msg>
<var>${item_locator}</var>
<arg>${locator.replace('{index}', str(${index}))}</arg>
<doc>Returns the given values which can then be assigned to a variables.</doc>
<status status="PASS" start="2025-01-02T17:38:04.038071" elapsed="0.000469"/>
</kw>
<kw name="Get Text" owner="SeleniumLibrary">
<msg time="2025-01-02T17:38:04.051287" level="INFO">${item_text} = Rib snap infant onesie for the junior automation engineer in development. Reinforced 3-snap bottom closure, two-needle hemmed sleeved and bottom won't unravel.</msg>
<var>${item_text}</var>
<arg>${item_locator}</arg>
<doc>Returns the text value of the element identified by ``locator``.</doc>
<status status="PASS" start="2025-01-02T17:38:04.038629" elapsed="0.012683"/>
</kw>
<return>
<value>${item_text}</value>
<status status="PASS" start="2025-01-02T17:38:04.051355" elapsed="0.000024"/>
</return>
<msg time="2025-01-02T17:38:04.051456" level="INFO">${desc} = Rib snap infant onesie for the junior automation engineer in development. Reinforced 3-snap bottom closure, two-needle hemmed sleeved and bottom won't unravel.</msg>
<var>${desc}</var>
<arg>${index}</arg>
<arg>${ITEM_DESCRIPTION_LOCATOR}</arg>
<status status="PASS" start="2025-01-02T17:38:04.037883" elapsed="0.013588"/>
</kw>
<kw name="Append To List" owner="Collections">
<arg>${item_desc}</arg>
<arg>${desc}</arg>
<doc>Adds ``values`` to the end of ``list``.</doc>
<status status="PASS" start="2025-01-02T17:38:04.051567" elapsed="0.000092"/>
</kw>
<kw name="Retrieve Price Item Text" owner="Common">
<kw name="Set Variable" owner="BuiltIn">
<msg time="2025-01-02T17:38:04.052492" level="INFO">${item_locator} = css:.inventory_item:nth-of-type(5) .inventory_item_price</msg>
<var>${item_locator}</var>
<arg>${locator.replace('{index}', str(${index}))}</arg>
<doc>Returns the given values which can then be assigned to a variables.</doc>
<status status="PASS" start="2025-01-02T17:38:04.052030" elapsed="0.000478"/>
</kw>
<kw name="Get Text" owner="SeleniumLibrary">
<msg time="2025-01-02T17:38:04.065800" level="INFO">${item_text} = $7.99</msg>
<var>${item_text}</var>
<arg>${item_locator}</arg>
<doc>Returns the text value of the element identified by ``locator``.</doc>
<status status="PASS" start="2025-01-02T17:38:04.052600" elapsed="0.013222"/>
</kw>
<return>
<value>${item_text}</value>
<status status="PASS" start="2025-01-02T17:38:04.065867" elapsed="0.000025"/>
</return>
<msg time="2025-01-02T17:38:04.065971" level="INFO">${price} = $7.99</msg>
<var>${price}</var>
<arg>${index}</arg>
<arg>${ITEM_PRICE_LOCATOR}</arg>
<status status="PASS" start="2025-01-02T17:38:04.051839" elapsed="0.014146"/>
</kw>
<kw name="Append To List" owner="Collections">
<arg>${item_price}</arg>
<arg>${price}</arg>
<doc>Adds ``values`` to the end of ``list``.</doc>
<status status="PASS" start="2025-01-02T17:38:04.066085" elapsed="0.000098"/>
</kw>
<kw name="Retrieve Status Item Text" owner="Common">
<kw name="Set Variable" owner="BuiltIn">
<msg time="2025-01-02T17:38:04.066981" level="INFO">${item_locator} = xpath:(//div[contains(@class, 'pricebar')])[5]//button</msg>
<var>${item_locator}</var>
<arg>${locator.replace('{index}', str(${index}))}</arg>
<doc>Returns the given values which can then be assigned to a variables.</doc>
<status status="PASS" start="2025-01-02T17:38:04.066507" elapsed="0.000492"/>
</kw>
<kw name="Get Text" owner="SeleniumLibrary">
<msg time="2025-01-02T17:38:04.080819" level="INFO">${item_text} = Add to cart</msg>
<var>${item_text}</var>
<arg>${item_locator}</arg>
<doc>Returns the text value of the element identified by ``locator``.</doc>
<status status="PASS" start="2025-01-02T17:38:04.067093" elapsed="0.013751"/>
</kw>
<return>
<value>${item_text}</value>
<status status="PASS" start="2025-01-02T17:38:04.080900" elapsed="0.000028"/>
</return>
<msg time="2025-01-02T17:38:04.081011" level="INFO">${status} = Add to cart</msg>
<var>${status}</var>
<arg>${index}</arg>
<arg>${ITEM_STATUS_BUTTON}</arg>
<status status="PASS" start="2025-01-02T17:38:04.066311" elapsed="0.014715"/>
</kw>
<kw name="Append To List" owner="Collections">
<arg>${item_status}</arg>
<arg>${status}</arg>
<doc>Adds ``values`` to the end of ``list``.</doc>
<status status="PASS" start="2025-01-02T17:38:04.081133" elapsed="0.000093"/>
</kw>
<var name="${index}">5</var>
<status status="PASS" start="2025-01-02T17:38:04.020817" elapsed="0.060437"/>
</iter>
<iter>
<kw name="Retrieve Name Item Text" owner="Common">
<kw name="Set Variable" owner="BuiltIn">
<msg time="2025-01-02T17:38:04.082308" level="INFO">${item_locator} = css:.inventory_item:nth-of-type(6) .inventory_item_name</msg>
<var>${item_locator}</var>
<arg>${locator.replace('{index}', str(${index}))}</arg>
<doc>Returns the given values which can then be assigned to a variables.</doc>
<status status="PASS" start="2025-01-02T17:38:04.081667" elapsed="0.000659"/>
</kw>
<kw name="Get Text" owner="SeleniumLibrary">
<msg time="2025-01-02T17:38:04.095262" level="INFO">${item_text} = Test.allTheThings() T-Shirt (Red)</msg>
<var>${item_text}</var>
<arg>${item_locator}</arg>
<doc>Returns the text value of the element identified by ``locator``.</doc>
<status status="PASS" start="2025-01-02T17:38:04.082421" elapsed="0.012867"/>
</kw>
<return>
<value>${item_text}</value>
<status status="PASS" start="2025-01-02T17:38:04.095339" elapsed="0.000028"/>
</return>
<msg time="2025-01-02T17:38:04.095450" level="INFO">${name} = Test.allTheThings() T-Shirt (Red)</msg>
<var>${name}</var>
<arg>${index}</arg>
<arg>${ITEM_NAME_LOCATOR}</arg>
<status status="PASS" start="2025-01-02T17:38:04.081463" elapsed="0.014002"/>
</kw>
<kw name="Append To List" owner="Collections">
<arg>${item_name}</arg>
<arg>${name}</arg>
<doc>Adds ``values`` to the end of ``list``.</doc>
<status status="PASS" start="2025-01-02T17:38:04.095570" elapsed="0.000099"/>
</kw>
<kw name="Retrieve Description Item Text" owner="Common">
<kw name="Set Variable" owner="BuiltIn">
<msg time="2025-01-02T17:38:04.096483" level="INFO">${item_locator} = css:.inventory_item:nth-of-type(6) .inventory_item_desc</msg>
<var>${item_locator}</var>
<arg>${locator.replace('{index}', str(${index}))}</arg>
<doc>Returns the given values which can then be assigned to a variables.</doc>
<status status="PASS" start="2025-01-02T17:38:04.096004" elapsed="0.000496"/>
</kw>
<kw name="Get Text" owner="SeleniumLibrary">
<msg time="2025-01-02T17:38:04.112411" level="INFO">${item_text} = This classic Sauce Labs t-shirt is perfect to wear when cozying up to your keyboard to automate a few tests. Super-soft and comfy ringspun combed cotton.</msg>
<var>${item_text}</var>
<arg>${item_locator}</arg>
<doc>Returns the text value of the element identified by ``locator``.</doc>
<status status="PASS" start="2025-01-02T17:38:04.096595" elapsed="0.015841"/>
</kw>
<return>
<value>${item_text}</value>
<status status="PASS" start="2025-01-02T17:38:04.112487" elapsed="0.000028"/>
</return>
<msg time="2025-01-02T17:38:04.112597" level="INFO">${desc} = This classic Sauce Labs t-shirt is perfect to wear when cozying up to your keyboard to automate a few tests. Super-soft and comfy ringspun combed cotton.</msg>
<var>${desc}</var>
<arg>${index}</arg>
<arg>${ITEM_DESCRIPTION_LOCATOR}</arg>
<status status="PASS" start="2025-01-02T17:38:04.095806" elapsed="0.016807"/>
</kw>
<kw name="Append To List" owner="Collections">
<arg>${item_desc}</arg>
<arg>${desc}</arg>
<doc>Adds ``values`` to the end of ``list``.</doc>
<status status="PASS" start="2025-01-02T17:38:04.112720" elapsed="0.000098"/>
</kw>
<kw name="Retrieve Price Item Text" owner="Common">
<kw name="Set Variable" owner="BuiltIn">
<msg time="2025-01-02T17:38:04.113635" level="INFO">${item_locator} = css:.inventory_item:nth-of-type(6) .inventory_item_price</msg>
<var>${item_locator}</var>
<arg>${locator.replace('{index}', str(${index}))}</arg>
<doc>Returns the given values which can then be assigned to a variables.</doc>
<status status="PASS" start="2025-01-02T17:38:04.113161" elapsed="0.000491"/>
</kw>
<kw name="Get Text" owner="SeleniumLibrary">
<msg time="2025-01-02T17:38:04.126132" level="INFO">${item_text} = $15.99</msg>
<var>${item_text}</var>
<arg>${item_locator}</arg>
<doc>Returns the text value of the element identified by ``locator``.</doc>
<status status="PASS" start="2025-01-02T17:38:04.113744" elapsed="0.012411"/>
</kw>
<return>
<value>${item_text}</value>
<status status="PASS" start="2025-01-02T17:38:04.126201" elapsed="0.000025"/>
</return>
<msg time="2025-01-02T17:38:04.126317" level="INFO">${price} = $15.99</msg>
<var>${price}</var>
<arg>${index}</arg>
<arg>${ITEM_PRICE_LOCATOR}</arg>
<status status="PASS" start="2025-01-02T17:38:04.112967" elapsed="0.013365"/>
</kw>
<kw name="Append To List" owner="Collections">
<arg>${item_price}</arg>
<arg>${price}</arg>
<doc>Adds ``values`` to the end of ``list``.</doc>
<status status="PASS" start="2025-01-02T17:38:04.126433" elapsed="0.000096"/>
</kw>
<kw name="Retrieve Status Item Text" owner="Common">
<kw name="Set Variable" owner="BuiltIn">
<msg time="2025-01-02T17:38:04.127352" level="INFO">${item_locator} = xpath:(//div[contains(@class, 'pricebar')])[6]//button</msg>
<var>${item_locator}</var>
<arg>${locator.replace('{index}', str(${index}))}</arg>
<doc>Returns the given values which can then be assigned to a variables.</doc>
<status status="PASS" start="2025-01-02T17:38:04.126847" elapsed="0.000522"/>
</kw>
<kw name="Get Text" owner="SeleniumLibrary">
<msg time="2025-01-02T17:38:04.139880" level="INFO">${item_text} = Add to cart</msg>
<var>${item_text}</var>
<arg>${item_locator}</arg>
<doc>Returns the text value of the element identified by ``locator``.</doc>
<status status="PASS" start="2025-01-02T17:38:04.127460" elapsed="0.012442"/>
</kw>
<return>
<value>${item_text}</value>
<status status="PASS" start="2025-01-02T17:38:04.140009" elapsed="0.000026"/>
</return>
<msg time="2025-01-02T17:38:04.140115" level="INFO">${status} = Add to cart</msg>
<var>${status}</var>
<arg>${index}</arg>
<arg>${ITEM_STATUS_BUTTON}</arg>
<status status="PASS" start="2025-01-02T17:38:04.126657" elapsed="0.013472"/>
</kw>
<kw name="Append To List" owner="Collections">
<arg>${item_status}</arg>
<arg>${status}</arg>
<doc>Adds ``values`` to the end of ``list``.</doc>
<status status="PASS" start="2025-01-02T17:38:04.140229" elapsed="0.000095"/>
</kw>
<var name="${index}">6</var>
<status status="PASS" start="2025-01-02T17:38:04.081347" elapsed="0.059003"/>
</iter>
<var>${index}</var>
<value>1</value>
<value>${items_count + 1}</value>
<status status="PASS" start="2025-01-02T17:38:03.307576" elapsed="0.832805"/>
</for>
<kw name="Create Product in Dictionary" owner="Products">
<kw name="Create Dictionary" owner="BuiltIn">
<msg time="2025-01-02T17:38:04.140893" level="INFO">${product_details} = {}</msg>
<var>${product_details}</var>
<doc>Creates and returns a dictionary based on the given ``items``.</doc>
<status status="PASS" start="2025-01-02T17:38:04.140763" elapsed="0.000147"/>
</kw>
<kw name="Set To Dictionary" owner="Collections">
<arg>${product_details}</arg>
<arg>product_name</arg>
<arg>${item_names}</arg>
<doc>Adds the given ``key_value_pairs`` and/or ``items`` to the ``dictionary``.</doc>
<status status="PASS" start="2025-01-02T17:38:04.140998" elapsed="0.000103"/>
</kw>
<kw name="Set To Dictionary" owner="Collections">
<arg>${product_details}</arg>
<arg>product_desc</arg>
<arg>${item_desc}</arg>
<doc>Adds the given ``key_value_pairs`` and/or ``items`` to the ``dictionary``.</doc>
<status status="PASS" start="2025-01-02T17:38:04.141185" elapsed="0.000083"/>
</kw>
<kw name="Set To Dictionary" owner="Collections">
<arg>${product_details}</arg>
<arg>product_price</arg>
<arg>${item_price}</arg>
<doc>Adds the given ``key_value_pairs`` and/or ``items`` to the ``dictionary``.</doc>
<status status="PASS" start="2025-01-02T17:38:04.141349" elapsed="0.000080"/>
</kw>
<kw name="Set To Dictionary" owner="Collections">
<arg>${product_details}</arg>
<arg>product_status</arg>
<arg>${item_status}</arg>
<doc>Adds the given ``key_value_pairs`` and/or ``items`` to the ``dictionary``.</doc>
<status status="PASS" start="2025-01-02T17:38:04.141509" elapsed="0.000081"/>
</kw>
<return>
<value>${product_details}</value>
<status status="PASS" start="2025-01-02T17:38:04.141622" elapsed="0.000020"/>
</return>
<msg time="2025-01-02T17:38:04.141736" level="INFO">${product_details_dict} = {'product_name': ['Sauce Labs Backpack', 'Sauce Labs Bike Light', 'Sauce Labs Bolt T-Shirt', 'Sauce Labs Fleece Jacket', 'Sauce Labs Onesie', 'Test.allTheThings() T-Shirt (Red)'], 'product_desc': ['ca...</msg>
<var>${product_details_dict}</var>
<arg>${item_name}</arg>
<arg>${item_desc}</arg>
<arg>${item_price}</arg>
<arg>${item_status}</arg>
<doc>This keyword creates a product dictionary with keys like product name, description, price, and status.</doc>
<status status="PASS" start="2025-01-02T17:38:04.140524" elapsed="0.001228"/>
</kw>
<return>
<value>${product_details_dict}</value>
<status status="PASS" start="2025-01-02T17:38:04.141787" elapsed="0.000014"/>
</return>
<msg time="2025-01-02T17:38:04.141883" level="INFO">${product_details_sorted_dict} = {'product_name': ['Sauce Labs Backpack', 'Sauce Labs Bike Light', 'Sauce Labs Bolt T-Shirt', 'Sauce Labs Fleece Jacket', 'Sauce Labs Onesie', 'Test.allTheThings() T-Shirt (Red)'], 'product_desc': ['ca...</msg>
<var>${product_details_sorted_dict}</var>
<doc>This keyword retrieves product data from a webpage and stores it in a dictionary. The dictionary contains lists for each of the following keys:
 - product_name: List of product names.
 - product_desc: List of product descriptions.
 - product_price: List of product prices.
 - product_status: List of product button statuses as follows 1. Add to cart 2.Remove.</doc>
<status status="PASS" start="2025-01-02T17:38:03.128377" elapsed="1.013521"/>
</kw>
<kw name="Random Indices To Select Products" owner="Products">
<kw name="Get From Dictionary" owner="Collections">
<msg time="2025-01-02T17:38:04.142318" level="INFO">${product_names} = ['Sauce Labs Backpack', 'Sauce Labs Bike Light', 'Sauce Labs Bolt T-Shirt', 'Sauce Labs Fleece Jacket', 'Sauce Labs Onesie', 'Test.allTheThings() T-Shirt (Red)']</msg>
<var>${product_names}</var>
<arg>${product_dict}</arg>
<arg>product_name</arg>
<doc>Returns a value from the given ``dictionary`` based on the given ``key``.</doc>
<status status="PASS" start="2025-01-02T17:38:04.142228" elapsed="0.000106"/>
</kw>
<kw name="Run Keyword If" owner="BuiltIn">
<arg>${number_product_to_select} &gt; len(${product_names})</arg>
<arg>Fail</arg>
<arg>Requested count (${number_product_to_select}) exceeds available products (${len(${product_names})}).</arg>
<doc>Runs the given keyword with the given arguments, if ``condition`` is true.</doc>
<status status="PASS" start="2025-01-02T17:38:04.142433" elapsed="0.000576"/>
</kw>
<kw name="Evaluate" owner="BuiltIn">
<msg time="2025-01-02T17:38:04.143465" level="INFO">@{random_indices} = [ 1 | 4 | 2 | 5 ]</msg>
<var>@{random_indices}</var>
<arg>random.sample(range(1, len(${product_names})), ${number_product_to_select})</arg>
<arg>modules=random</arg>
<doc>Evaluates the given expression in Python and returns the result.</doc>
<status status="PASS" start="2025-01-02T17:38:04.143138" elapsed="0.000345"/>
</kw>
<return>
<value>@{random_indices}</value>
<status status="PASS" start="2025-01-02T17:38:04.143521" elapsed="0.000024"/>
</return>
<msg time="2025-01-02T17:38:04.143631" level="INFO">@{random_products} = [ 1 | 4 | 2 | 5 ]</msg>
<var>@{random_products}</var>
<arg>${product_details_sorted_dict}</arg>
<arg>${number_to_selected}</arg>
<doc>Randomly selects a specified number of products from the product list.</doc>
<status status="PASS" start="2025-01-02T17:38:04.142030" elapsed="0.001616"/>
</kw>
<kw name="Add Products To Your Cart" owner="Products">
<for flavor="IN">
<iter>
<kw name="Click Element" owner="SeleniumLibrary">
<msg time="2025-01-02T17:38:04.144718" level="INFO">Clicking element 'xpath:(//div[contains(@class, 'pricebar')])[1]//button'.</msg>
<arg>${ITEM_STATUS_BUTTON.replace('{index}', str(${item}))}</arg>
<doc>Click the element identified by ``locator``.</doc>
<status status="PASS" start="2025-01-02T17:38:04.144233" elapsed="0.454410"/>
</kw>
<var name="${item}">1</var>
<status status="PASS" start="2025-01-02T17:38:04.144138" elapsed="0.454585"/>
</iter>
<iter>
<kw name="Click Element" owner="SeleniumLibrary">
<msg time="2025-01-02T17:38:04.599679" level="INFO">Clicking element 'xpath:(//div[contains(@class, 'pricebar')])[4]//button'.</msg>
<arg>${ITEM_STATUS_BUTTON.replace('{index}', str(${item}))}</arg>
<doc>Click the element identified by ``locator``.</doc>
<status status="PASS" start="2025-01-02T17:38:04.599035" elapsed="0.274885"/>
</kw>
<var name="${item}">4</var>
<status status="PASS" start="2025-01-02T17:38:04.598849" elapsed="0.275185"/>
</iter>
<iter>
<kw name="Click Element" owner="SeleniumLibrary">
<msg time="2025-01-02T17:38:04.875138" level="INFO">Clicking element 'xpath:(//div[contains(@class, 'pricebar')])[2]//button'.</msg>
<arg>${ITEM_STATUS_BUTTON.replace('{index}', str(${item}))}</arg>
<doc>Click the element identified by ``locator``.</doc>
<status status="PASS" start="2025-01-02T17:38:04.874432" elapsed="1.228320"/>
</kw>
<var name="${item}">2</var>
<status status="PASS" start="2025-01-02T17:38:04.874256" elapsed="1.228589"/>
</iter>
<iter>
<kw name="Click Element" owner="SeleniumLibrary">
<msg time="2025-01-02T17:38:06.103713" level="INFO">Clicking element 'xpath:(//div[contains(@class, 'pricebar')])[5]//button'.</msg>
<arg>${ITEM_STATUS_BUTTON.replace('{index}', str(${item}))}</arg>
<doc>Click the element identified by ``locator``.</doc>
<status status="PASS" start="2025-01-02T17:38:06.103100" elapsed="0.524264"/>
</kw>
<var name="${item}">5</var>
<status status="PASS" start="2025-01-02T17:38:06.102959" elapsed="0.524566"/>
</iter>
<var>${item}</var>
<value>@{random_products}</value>
<status status="PASS" start="2025-01-02T17:38:04.143909" elapsed="2.483668"/>
</for>
<arg>@{random_products}</arg>
<status status="PASS" start="2025-01-02T17:38:04.143780" elapsed="2.483874"/>
</kw>
<return>
<value>@{random_products}</value>
<status status="PASS" start="2025-01-02T17:38:06.627700" elapsed="0.000039"/>
</return>
<arg>${NUMBER_PRODUCTS_SELECTED}</arg>
<status status="PASS" start="2025-01-02T17:38:03.127551" elapsed="3.500289"/>
</kw>
<kw name="Verify Cart Icon Updates Correctly" owner="SwagLabsApp">
<kw name="Verify Number Of Shopping Cart Badge" owner="ShoppingCartBadge">
<kw name="Element Text Should Be" owner="SeleniumLibrary">
<msg time="2025-01-02T17:38:06.628739" level="INFO">Verifying element 'css:.shopping_cart_badge' contains exact text '4'.</msg>
<arg>${NUMBER_SHOPPING_CART_BADGE_LOCATOR}</arg>
<arg>${number_of_shopping_cart_badge_expected}</arg>
<doc>Verifies that element ``locator`` contains exact the text ``expected``.</doc>
<status status="PASS" start="2025-01-02T17:38:06.628577" elapsed="0.025939"/>
</kw>
<arg>${number_to_selected}</arg>
<status status="PASS" start="2025-01-02T17:38:06.628362" elapsed="0.026242"/>
</kw>
<arg>${NUMBER_PRODUCTS_SELECTED}</arg>
<status status="PASS" start="2025-01-02T17:38:06.628103" elapsed="0.026541"/>
</kw>
<kw name="Close Browser" owner="SeleniumLibrary" type="TEARDOWN">
<doc>Closes the current browser.</doc>
<status status="PASS" start="2025-01-02T17:38:06.654886" elapsed="0.093751"/>
</kw>
<tag>functional</tag>
<tag>product</tag>
<status status="PASS" start="2025-01-02T17:37:45.017031" elapsed="21.731726"/>
</test>
<test id="s1-t3" name="Verify Product Status Change On Selection" line="27">
<kw name="Login And Navigate To Product Page" owner="LoginApp" type="SETUP">
<kw name="Open Browser" owner="SeleniumLibrary">
<msg time="2025-01-02T17:38:06.750364" level="INFO">Opening browser 'chrome' to base url 'https://www.saucedemo.com/'.</msg>
<arg>${URL}</arg>
<arg>${BROWSER}</arg>
<doc>Opens a new browser instance to the optional ``url``.</doc>
<status status="PASS" start="2025-01-02T17:38:06.750088" elapsed="9.283057"/>
</kw>
<kw name="Fill Username Field" owner="Login">
<kw name="Input Text" owner="SeleniumLibrary">
<msg time="2025-01-02T17:38:16.042336" level="INFO">Typing text 'standard_user' into text field 'id=user-name'.</msg>
<arg>${LOGIN_USERNAME_LOCATOR}</arg>
<arg>${username}</arg>
<doc>Types the given ``text`` into the text field identified by ``locator``.</doc>
<status status="PASS" start="2025-01-02T17:38:16.041745" elapsed="2.340596"/>
</kw>
<arg>${USERNAME_SUCCESS}</arg>
<status status="PASS" start="2025-01-02T17:38:16.039290" elapsed="2.343199"/>
</kw>
<kw name="Fill Password Field" owner="Login">
<kw name="Input Text" owner="SeleniumLibrary">
<msg time="2025-01-02T17:38:18.383378" level="INFO">Typing text 'secret_sauce' into text field 'id=password'.</msg>
<arg>${LOGIN_PASSWORD_LOCATOR}</arg>
<arg>${password}</arg>
<doc>Types the given ``text`` into the text field identified by ``locator``.</doc>
<status status="PASS" start="2025-01-02T17:38:18.383135" elapsed="0.541985"/>
</kw>
<arg>${PASSWORD}</arg>
<status status="PASS" start="2025-01-02T17:38:18.382793" elapsed="0.542575"/>
</kw>
<kw name="Click &quot;Login&quot; Button" owner="Login">
<kw name="Click Button" owner="SeleniumLibrary">
<msg time="2025-01-02T17:38:18.926243" level="INFO">Clicking button 'id=login-button'.</msg>
<arg>${LOGIN_LOGIN_BUTTON}</arg>
<doc>Clicks the button identified by ``locator``.</doc>
<status status="PASS" start="2025-01-02T17:38:18.926023" elapsed="2.544028"/>
</kw>
<status status="PASS" start="2025-01-02T17:38:18.925682" elapsed="2.545034"/>
</kw>
<status status="PASS" start="2025-01-02T17:38:06.749761" elapsed="14.721031"/>
</kw>
<kw name="Add Products To Your Cart By Random Indices" owner="SwagLabsApp">
<kw name="Retrieve Product Data And Store In Dictionary" owner="Products">
<kw name="Get Length Of Items" owner="Common">
<kw name="Get WebElements" owner="SeleniumLibrary">
<msg time="2025-01-02T17:38:21.810884" level="INFO">${items} = [&lt;selenium.webdriver.remote.webelement.WebElement (session="56a0e34ec3cef826f70317e7edb54c93", element="f.4833D9B40CE813D489584CC497F5861C.d.8F6CE54F11A45BF891A36C948441CD87.e.30")&gt;, &lt;selenium.webdriv...</msg>
<var>${items}</var>
<arg>${locator}</arg>
<doc>Returns a list of WebElement objects matching the ``locator``.</doc>
<status status="PASS" start="2025-01-02T17:38:21.473447" elapsed="0.337483"/>
</kw>
<kw name="Get Length" owner="BuiltIn">
<msg time="2025-01-02T17:38:21.811374" level="INFO">Length is 6.</msg>
<msg time="2025-01-02T17:38:21.811425" level="INFO">${items_count} = 6</msg>
<var>${items_count}</var>
<arg>${items}</arg>
<doc>Returns and logs the length of the given item as an integer.</doc>
<status status="PASS" start="2025-01-02T17:38:21.811152" elapsed="0.000289"/>
</kw>
<return>
<value>${items_count}</value>
<status status="PASS" start="2025-01-02T17:38:21.811508" elapsed="0.000095"/>
</return>
<msg time="2025-01-02T17:38:21.811775" level="INFO">${items_count} = 6</msg>
<var>${items_count}</var>
<arg>${ITEMS_LOCATOR}</arg>
<status status="PASS" start="2025-01-02T17:38:21.473140" elapsed="0.338655"/>
</kw>
<kw name="Create Items List" owner="Common">
<kw name="Create List" owner="BuiltIn">
<msg time="2025-01-02T17:38:21.812367" level="INFO">@{item_name} = [ ]</msg>
<var>@{item_name}</var>
<doc>Returns a list containing given items.</doc>
<status status="PASS" start="2025-01-02T17:38:21.812215" elapsed="0.000170"/>
</kw>
<kw name="Create List" owner="BuiltIn">
<msg time="2025-01-02T17:38:21.812547" level="INFO">@{item_desc} = [ ]</msg>
<var>@{item_desc}</var>
<doc>Returns a list containing given items.</doc>
<status status="PASS" start="2025-01-02T17:38:21.812478" elapsed="0.000084"/>
</kw>
<kw name="Create List" owner="BuiltIn">
<msg time="2025-01-02T17:38:21.812714" level="INFO">@{item_price} = [ ]</msg>
<var>@{item_price}</var>
<doc>Returns a list containing given items.</doc>
<status status="PASS" start="2025-01-02T17:38:21.812643" elapsed="0.000087"/>
</kw>
<kw name="Create List" owner="BuiltIn">
<msg time="2025-01-02T17:38:21.812881" level="INFO">@{item_status} = [ ]</msg>
<var>@{item_status}</var>
<doc>Returns a list containing given items.</doc>
<status status="PASS" start="2025-01-02T17:38:21.812816" elapsed="0.000078"/>
</kw>
<return>
<value>${item_name}</value>
<value>${item_desc}</value>
<value>${item_price}</value>
<value>${item_status}</value>
<status status="PASS" start="2025-01-02T17:38:21.812923" elapsed="0.000047"/>
</return>
<msg time="2025-01-02T17:38:21.813115" level="INFO">${item_name} = []</msg>
<msg time="2025-01-02T17:38:21.813157" level="INFO">${item_desc} = []</msg>
<msg time="2025-01-02T17:38:21.813184" level="INFO">${item_price} = []</msg>
<msg time="2025-01-02T17:38:21.813204" level="INFO">${item_status} = []</msg>
<var>${item_name}</var>
<var>${item_desc}</var>
<var>${item_price}</var>
<var>${item_status}</var>
<status status="PASS" start="2025-01-02T17:38:21.812001" elapsed="0.001215"/>
</kw>
<for flavor="IN RANGE">
<iter>
<kw name="Retrieve Name Item Text" owner="Common">
<kw name="Set Variable" owner="BuiltIn">
<msg time="2025-01-02T17:38:21.817357" level="INFO">${item_locator} = css:.inventory_item:nth-of-type(1) .inventory_item_name</msg>
<var>${item_locator}</var>
<arg>${locator.replace('{index}', str(${index}))}</arg>
<doc>Returns the given values which can then be assigned to a variables.</doc>
<status status="PASS" start="2025-01-02T17:38:21.816228" elapsed="0.001148"/>
</kw>
<kw name="Get Text" owner="SeleniumLibrary">
<msg time="2025-01-02T17:38:21.926194" level="INFO">${item_text} = Sauce Labs Backpack</msg>
<var>${item_text}</var>
<arg>${item_locator}</arg>
<doc>Returns the text value of the element identified by ``locator``.</doc>
<status status="PASS" start="2025-01-02T17:38:21.817507" elapsed="0.108721"/>
</kw>
<return>
<value>${item_text}</value>
<status status="PASS" start="2025-01-02T17:38:21.926309" elapsed="0.000042"/>
</return>
<msg time="2025-01-02T17:38:21.926690" level="INFO">${name} = Sauce Labs Backpack</msg>
<var>${name}</var>
<arg>${index}</arg>
<arg>${ITEM_NAME_LOCATOR}</arg>
<status status="PASS" start="2025-01-02T17:38:21.815934" elapsed="0.110777"/>
</kw>
<kw name="Append To List" owner="Collections">
<arg>${item_name}</arg>
<arg>${name}</arg>
<doc>Adds ``values`` to the end of ``list``.</doc>
<status status="PASS" start="2025-01-02T17:38:21.926856" elapsed="0.000138"/>
</kw>
<kw name="Retrieve Description Item Text" owner="Common">
<kw name="Set Variable" owner="BuiltIn">
<msg time="2025-01-02T17:38:21.927897" level="INFO">${item_locator} = css:.inventory_item:nth-of-type(1) .inventory_item_desc</msg>
<var>${item_locator}</var>
<arg>${locator.replace('{index}', str(${index}))}</arg>
<doc>Returns the given values which can then be assigned to a variables.</doc>
<status status="PASS" start="2025-01-02T17:38:21.927375" elapsed="0.000541"/>
</kw>
<kw name="Get Text" owner="SeleniumLibrary">
<msg time="2025-01-02T17:38:22.124410" level="INFO">${item_text} = carry.allTheThings() with the sleek, streamlined Sly Pack that melds uncompromising style with unequaled laptop and tablet protection.</msg>
<var>${item_text}</var>
<arg>${item_locator}</arg>
<doc>Returns the text value of the element identified by ``locator``.</doc>
<status status="PASS" start="2025-01-02T17:38:21.928022" elapsed="0.196433"/>
</kw>
<return>
<value>${item_text}</value>
<status status="PASS" start="2025-01-02T17:38:22.124528" elapsed="0.000042"/>
</return>
<msg time="2025-01-02T17:38:22.124667" level="INFO">${desc} = carry.allTheThings() with the sleek, streamlined Sly Pack that melds uncompromising style with unequaled laptop and tablet protection.</msg>
<var>${desc}</var>
<arg>${index}</arg>
<arg>${ITEM_DESCRIPTION_LOCATOR}</arg>
<status status="PASS" start="2025-01-02T17:38:21.927150" elapsed="0.197534"/>
</kw>
<kw name="Append To List" owner="Collections">
<arg>${item_desc}</arg>
<arg>${desc}</arg>
<doc>Adds ``values`` to the end of ``list``.</doc>
<status status="PASS" start="2025-01-02T17:38:22.124824" elapsed="0.000111"/>
</kw>
<kw name="Retrieve Price Item Text" owner="Common">
<kw name="Set Variable" owner="BuiltIn">
<msg time="2025-01-02T17:38:22.125821" level="INFO">${item_locator} = css:.inventory_item:nth-of-type(1) .inventory_item_price</msg>
<var>${item_locator}</var>
<arg>${locator.replace('{index}', str(${index}))}</arg>
<doc>Returns the given values which can then be assigned to a variables.</doc>
<status status="PASS" start="2025-01-02T17:38:22.125297" elapsed="0.000541"/>
</kw>
<kw name="Get Text" owner="SeleniumLibrary">
<msg time="2025-01-02T17:38:22.167932" level="INFO">${item_text} = $29.99</msg>
<var>${item_text}</var>
<arg>${item_locator}</arg>
<doc>Returns the text value of the element identified by ``locator``.</doc>
<status status="PASS" start="2025-01-02T17:38:22.125937" elapsed="0.042027"/>
</kw>
<return>
<value>${item_text}</value>
<status status="PASS" start="2025-01-02T17:38:22.168121" elapsed="0.000045"/>
</return>
<msg time="2025-01-02T17:38:22.168314" level="INFO">${price} = $29.99</msg>
<var>${price}</var>
<arg>${index}</arg>
<arg>${ITEM_PRICE_LOCATOR}</arg>
<status status="PASS" start="2025-01-02T17:38:22.125092" elapsed="0.043253"/>
</kw>
<kw name="Append To List" owner="Collections">
<arg>${item_price}</arg>
<arg>${price}</arg>
<doc>Adds ``values`` to the end of ``list``.</doc>
<status status="PASS" start="2025-01-02T17:38:22.168485" elapsed="0.000128"/>
</kw>
<kw name="Retrieve Status Item Text" owner="Common">
<kw name="Set Variable" owner="BuiltIn">
<msg time="2025-01-02T17:38:22.169576" level="INFO">${item_locator} = xpath:(//div[contains(@class, 'pricebar')])[1]//button</msg>
<var>${item_locator}</var>
<arg>${locator.replace('{index}', str(${index}))}</arg>
<doc>Returns the given values which can then be assigned to a variables.</doc>
<status status="PASS" start="2025-01-02T17:38:22.169002" elapsed="0.000593"/>
</kw>
<kw name="Get Text" owner="SeleniumLibrary">
<msg time="2025-01-02T17:38:22.250045" level="INFO">${item_text} = Add to cart</msg>
<var>${item_text}</var>
<arg>${item_locator}</arg>
<doc>Returns the text value of the element identified by ``locator``.</doc>
<status status="PASS" start="2025-01-02T17:38:22.169699" elapsed="0.080377"/>
</kw>
<return>
<value>${item_text}</value>
<status status="PASS" start="2025-01-02T17:38:22.250143" elapsed="0.000036"/>
</return>
<msg time="2025-01-02T17:38:22.250272" level="INFO">${status} = Add to cart</msg>
<var>${status}</var>
<arg>${index}</arg>
<arg>${ITEM_STATUS_BUTTON}</arg>
<status status="PASS" start="2025-01-02T17:38:22.168762" elapsed="0.081525"/>
</kw>
<kw name="Append To List" owner="Collections">
<arg>${item_status}</arg>
<arg>${status}</arg>
<doc>Adds ``values`` to the end of ``list``.</doc>
<status status="PASS" start="2025-01-02T17:38:22.250416" elapsed="0.000111"/>
</kw>
<var name="${index}">1</var>
<status status="PASS" start="2025-01-02T17:38:21.815745" elapsed="0.434812"/>
</iter>
<iter>
<kw name="Retrieve Name Item Text" owner="Common">
<kw name="Set Variable" owner="BuiltIn">
<msg time="2025-01-02T17:38:22.251691" level="INFO">${item_locator} = css:.inventory_item:nth-of-type(2) .inventory_item_name</msg>
<var>${item_locator}</var>
<arg>${locator.replace('{index}', str(${index}))}</arg>
<doc>Returns the given values which can then be assigned to a variables.</doc>
<status status="PASS" start="2025-01-02T17:38:22.251177" elapsed="0.000532"/>
</kw>
<kw name="Get Text" owner="SeleniumLibrary">
<msg time="2025-01-02T17:38:22.268784" level="INFO">${item_text} = Sauce Labs Bike Light</msg>
<var>${item_text}</var>
<arg>${item_locator}</arg>
<doc>Returns the text value of the element identified by ``locator``.</doc>
<status status="PASS" start="2025-01-02T17:38:22.251816" elapsed="0.017005"/>
</kw>
<return>
<value>${item_text}</value>
<status status="PASS" start="2025-01-02T17:38:22.268903" elapsed="0.000044"/>
</return>
<msg time="2025-01-02T17:38:22.269074" level="INFO">${name} = Sauce Labs Bike Light</msg>
<var>${name}</var>
<arg>${index}</arg>
<arg>${ITEM_NAME_LOCATOR}</arg>
<status status="PASS" start="2025-01-02T17:38:22.250776" elapsed="0.018315"/>
</kw>
<kw name="Append To List" owner="Collections">
[...]
 - `product_name`: List of product names.
 - `product_desc`: List of product descriptions.
 - `product_price`: List of product prices.
 - `product_status`: List of product button statuses as follows 1. Add to cart 2.Remove.
 - Can configure {ignore_product_status} if you don't want to retrieve product_status on overview page because it does not has this variable</doc>
<status status="PASS" start="2025-01-02T17:40:26.274644" elapsed="0.260711"/>
</kw>
<kw name="Verify Product Selected On Product With Your Cart Page Ignoring Sorting" owner="Common">
<kw name="Run Keyword And Return Status" owner="BuiltIn">
<kw name="Compare Dicts Ignoring Order" owner="Common">
<kw name="Evaluate" owner="BuiltIn">
<msg time="2025-01-02T17:40:26.539076" level="INFO">${is_match} = False</msg>
<var>${is_match}</var>
<arg>${products_selected_product_page['product_name']} == ${products_selected_your_cart_page['product_name']} and ${products_selected_product_page['product_desc']} == ${products_selected_your_cart_page['product_desc']} and ${products_selected_product_page['product_price']} == ${products_selected_your_cart_page['product_price']} and ${products_selected_product_page['product_status']} == ${products_selected_your_cart_page['product_status']}</arg>
<doc>Evaluates the given expression in Python and returns the result.</doc>
<status status="PASS" start="2025-01-02T17:40:26.535996" elapsed="0.003097"/>
</kw>
<return>
<value>${is_match}</value>
<status status="PASS" start="2025-01-02T17:40:26.539134" elapsed="0.000019"/>
</return>
<arg>${products_selected_product_page}</arg>
<arg>${products_selected_your_cart_page}</arg>
<status status="PASS" start="2025-01-02T17:40:26.535812" elapsed="0.003399"/>
</kw>
<msg time="2025-01-02T17:40:26.539257" level="INFO">${is_equal} = True</msg>
<var>${is_equal}</var>
<arg>Compare Dicts Ignoring Order</arg>
<arg>${products_selected_product_page}</arg>
<arg>${products_selected_your_cart_page}</arg>
<doc>Runs the given keyword with given arguments and returns the status as a Boolean value.</doc>
<status status="PASS" start="2025-01-02T17:40:26.535686" elapsed="0.003584"/>
</kw>
<kw name="Should Be True" owner="BuiltIn">
<arg>${is_equal}</arg>
<arg>Products was selected on Product Page is not equal with Your Cart Page!</arg>
<doc>Fails if the given condition is not true.</doc>
<status status="PASS" start="2025-01-02T17:40:26.539374" elapsed="0.000093"/>
</kw>
<kw name="Run Keyword If" owner="BuiltIn">
<arg>not ${is_equal}</arg>
<arg>Fail</arg>
<arg>Dicts do not match (ignoring order)</arg>
<doc>Runs the given keyword with the given arguments, if ``condition`` is true.</doc>
<status status="PASS" start="2025-01-02T17:40:26.539563" elapsed="0.000074"/>
</kw>
<arg>${selected_product_details_filtered}</arg>
<arg>${product_details_your_cart}</arg>
<status status="PASS" start="2025-01-02T17:40:26.535483" elapsed="0.004190"/>
</kw>
<arg>${selected_product_details_filtered}</arg>
<status status="PASS" start="2025-01-02T17:40:26.274336" elapsed="0.265368"/>
</kw>
<kw name="Close Browser" owner="SeleniumLibrary" type="TEARDOWN">
<doc>Closes the current browser.</doc>
<status status="PASS" start="2025-01-02T17:40:26.539885" elapsed="0.138187"/>
</kw>
<tag>cart</tag>
<tag>functional</tag>
<status status="PASS" start="2025-01-02T17:40:07.828199" elapsed="18.850007"/>
</test>
<test id="s1-t11" name="Verify Navigation To Product Page From Cart" line="76">
<kw name="Login And Navigate To Product Page" owner="LoginApp" type="SETUP">
<kw name="Open Browser" owner="SeleniumLibrary">
<msg time="2025-01-02T17:40:26.679349" level="INFO">Opening browser 'chrome' to base url 'https://www.saucedemo.com/'.</msg>
<arg>${URL}</arg>
<arg>${BROWSER}</arg>
<doc>Opens a new browser instance to the optional ``url``.</doc>
<status status="PASS" start="2025-01-02T17:40:26.679164" elapsed="9.045297"/>
</kw>
<kw name="Fill Username Field" owner="Login">
<kw name="Input Text" owner="SeleniumLibrary">
<msg time="2025-01-02T17:40:35.733199" level="INFO">Typing text 'standard_user' into text field 'id=user-name'.</msg>
<arg>${LOGIN_USERNAME_LOCATOR}</arg>
<arg>${username}</arg>
<doc>Types the given ``text`` into the text field identified by ``locator``.</doc>
<status status="PASS" start="2025-01-02T17:40:35.732594" elapsed="2.420855"/>
</kw>
<arg>${USERNAME_SUCCESS}</arg>
<status status="PASS" start="2025-01-02T17:40:35.726499" elapsed="2.427076"/>
</kw>
<kw name="Fill Password Field" owner="Login">
<kw name="Input Text" owner="SeleniumLibrary">
<msg time="2025-01-02T17:40:38.154196" level="INFO">Typing text 'secret_sauce' into text field 'id=password'.</msg>
<arg>${LOGIN_PASSWORD_LOCATOR}</arg>
<arg>${password}</arg>
<doc>Types the given ``text`` into the text field identified by ``locator``.</doc>
<status status="PASS" start="2025-01-02T17:40:38.154035" elapsed="0.795239"/>
</kw>
<arg>${PASSWORD}</arg>
<status status="PASS" start="2025-01-02T17:40:38.153775" elapsed="0.795612"/>
</kw>
<kw name="Click &quot;Login&quot; Button" owner="Login">
<kw name="Click Button" owner="SeleniumLibrary">
<msg time="2025-01-02T17:40:38.949954" level="INFO">Clicking button 'id=login-button'.</msg>
<arg>${LOGIN_LOGIN_BUTTON}</arg>
<doc>Clicks the button identified by ``locator``.</doc>
<status status="PASS" start="2025-01-02T17:40:38.949800" elapsed="2.144320"/>
</kw>
<status status="PASS" start="2025-01-02T17:40:38.949566" elapsed="2.144685"/>
</kw>
<status status="PASS" start="2025-01-02T17:40:26.678913" elapsed="14.415385"/>
</kw>
<kw name="Navigate To Your Cart Page" owner="SwagLabsApp">
<kw name="Click Shopping Cart Badge" owner="YourCart">
<kw name="Click Element" owner="SeleniumLibrary">
<msg time="2025-01-02T17:40:41.096017" level="INFO">Clicking element 'id=shopping_cart_container'.</msg>
<arg>${SHOPPING_CART_BADGE_ICON}</arg>
<doc>Click the element identified by ``locator``.</doc>
<status status="PASS" start="2025-01-02T17:40:41.095788" elapsed="0.786875"/>
</kw>
<kw name="Page Should Contain" owner="SeleniumLibrary">
<msg time="2025-01-02T17:40:42.122839" level="INFO">Current page contains text 'Your Cart'.</msg>
<arg>${YOUR_CART_HEADER_TEXT}</arg>
<doc>Verifies that current page contains ``text``.</doc>
<status status="PASS" start="2025-01-02T17:40:41.882910" elapsed="0.240229"/>
</kw>
<status status="PASS" start="2025-01-02T17:40:41.095508" elapsed="1.027864"/>
</kw>
<status status="PASS" start="2025-01-02T17:40:41.095216" elapsed="1.028202"/>
</kw>
<kw name="Nevigate to Product Page From Your Cart" owner="SwagLabsApp">
<kw name="Click &quot;Continue Shopping&quot; Button" owner="YourCart">
<kw name="Click Element" owner="SeleniumLibrary">
<msg time="2025-01-02T17:40:42.124726" level="INFO">Clicking element 'id=continue-shopping'.</msg>
<arg>${CONTINUR_SHOPPING_BUTTON}</arg>
<doc>Click the element identified by ``locator``.</doc>
<status status="PASS" start="2025-01-02T17:40:42.124518" elapsed="0.452128"/>
</kw>
<kw name="Page Should Contain" owner="SeleniumLibrary">
<msg time="2025-01-02T17:40:42.588694" level="INFO">Current page contains text 'Products'.</msg>
<arg>${PRODUCTS_HEADER_TEXT}</arg>
<doc>Verifies that current page contains ``text``.</doc>
<status status="PASS" start="2025-01-02T17:40:42.576856" elapsed="0.011897"/>
</kw>
<status status="PASS" start="2025-01-02T17:40:42.124290" elapsed="0.464529"/>
</kw>
<status status="PASS" start="2025-01-02T17:40:42.123927" elapsed="0.464926"/>
</kw>
<kw name="Close Browser" owner="SeleniumLibrary" type="TEARDOWN">
<doc>Closes the current browser.</doc>
<status status="PASS" start="2025-01-02T17:40:42.589089" elapsed="0.104032"/>
</kw>
<tag>cart</tag>
<tag>functional</tag>
<tag>navigation</tag>
<status status="PASS" start="2025-01-02T17:40:26.678484" elapsed="16.014757"/>
</test>
<test id="s1-t12" name="Verify Navigation To Your Information Page" line="81">
<kw name="Login And Navigate To Product Page" owner="LoginApp" type="SETUP">
<kw name="Open Browser" owner="SeleniumLibrary">
<msg time="2025-01-02T17:40:42.694405" level="INFO">Opening browser 'chrome' to base url 'https://www.saucedemo.com/'.</msg>
<arg>${URL}</arg>
<arg>${BROWSER}</arg>
<doc>Opens a new browser instance to the optional ``url``.</doc>
<status status="PASS" start="2025-01-02T17:40:42.694209" elapsed="8.712248"/>
</kw>
<kw name="Fill Username Field" owner="Login">
<kw name="Input Text" owner="SeleniumLibrary">
<msg time="2025-01-02T17:40:51.415936" level="INFO">Typing text 'standard_user' into text field 'id=user-name'.</msg>
<arg>${LOGIN_USERNAME_LOCATOR}</arg>
<arg>${username}</arg>
<doc>Types the given ``text`` into the text field identified by ``locator``.</doc>
<status status="PASS" start="2025-01-02T17:40:51.414434" elapsed="2.006174"/>
</kw>
<arg>${USERNAME_SUCCESS}</arg>
<status status="PASS" start="2025-01-02T17:40:51.409014" elapsed="2.011701"/>
</kw>
<kw name="Fill Password Field" owner="Login">
<kw name="Input Text" owner="SeleniumLibrary">
<msg time="2025-01-02T17:40:53.421308" level="INFO">Typing text 'secret_sauce' into text field 'id=password'.</msg>
<arg>${LOGIN_PASSWORD_LOCATOR}</arg>
<arg>${password}</arg>
<doc>Types the given ``text`` into the text field identified by ``locator``.</doc>
<status status="PASS" start="2025-01-02T17:40:53.421145" elapsed="0.547047"/>
</kw>
<arg>${PASSWORD}</arg>
<status status="PASS" start="2025-01-02T17:40:53.420899" elapsed="0.547391"/>
</kw>
<kw name="Click &quot;Login&quot; Button" owner="Login">
<kw name="Click Button" owner="SeleniumLibrary">
<msg time="2025-01-02T17:40:53.968868" level="INFO">Clicking button 'id=login-button'.</msg>
<arg>${LOGIN_LOGIN_BUTTON}</arg>
<doc>Clicks the button identified by ``locator``.</doc>
<status status="PASS" start="2025-01-02T17:40:53.968711" elapsed="2.274058"/>
</kw>
<status status="PASS" start="2025-01-02T17:40:53.968460" elapsed="2.274588"/>
</kw>
<status status="PASS" start="2025-01-02T17:40:42.693943" elapsed="13.549152"/>
</kw>
<kw name="Navigate To Your Cart Page" owner="SwagLabsApp">
<kw name="Click Shopping Cart Badge" owner="YourCart">
<kw name="Click Element" owner="SeleniumLibrary">
<msg time="2025-01-02T17:40:56.244570" level="INFO">Clicking element 'id=shopping_cart_container'.</msg>
<arg>${SHOPPING_CART_BADGE_ICON}</arg>
<doc>Click the element identified by ``locator``.</doc>
<status status="PASS" start="2025-01-02T17:40:56.244331" elapsed="0.910215"/>
</kw>
<kw name="Page Should Contain" owner="SeleniumLibrary">
<msg time="2025-01-02T17:40:57.388998" level="INFO">Current page contains text 'Your Cart'.</msg>
<arg>${YOUR_CART_HEADER_TEXT}</arg>
<doc>Verifies that current page contains ``text``.</doc>
<status status="PASS" start="2025-01-02T17:40:57.154768" elapsed="0.234318"/>
</kw>
<status status="PASS" start="2025-01-02T17:40:56.244108" elapsed="1.145063"/>
</kw>
<status status="PASS" start="2025-01-02T17:40:56.243764" elapsed="1.145443"/>
</kw>
<kw name="Nevigate to Your Information Page" owner="SwagLabsApp">
<kw name="Click &quot;Checkout&quot; Button" owner="YourCart">
<kw name="Click Element" owner="SeleniumLibrary">
<msg time="2025-01-02T17:40:57.389962" level="INFO">Clicking element 'id=checkout'.</msg>
<arg>${CHECKOUT_BUTTON}</arg>
<doc>Click the element identified by ``locator``.</doc>
<status status="PASS" start="2025-01-02T17:40:57.389824" elapsed="0.294129"/>
</kw>
<kw name="Page Should Contain" owner="SeleniumLibrary">
<msg time="2025-01-02T17:40:57.695042" level="INFO">Current page contains text 'Checkout: Your Information'.</msg>
<arg>${YOUR_INFORMATION_HEADER_TEXT}</arg>
<doc>Verifies that current page contains ``text``.</doc>
<status status="PASS" start="2025-01-02T17:40:57.684181" elapsed="0.010922"/>
</kw>
<status status="PASS" start="2025-01-02T17:40:57.389650" elapsed="0.305517"/>
</kw>
<status status="PASS" start="2025-01-02T17:40:57.389417" elapsed="0.305784"/>
</kw>
<kw name="Close Browser" owner="SeleniumLibrary" type="TEARDOWN">
<doc>Closes the current browser.</doc>
<status status="PASS" start="2025-01-02T17:40:57.695683" elapsed="0.092654"/>
</kw>
<tag>cart</tag>
<tag>functional</tag>
<tag>navigation</tag>
<status status="PASS" start="2025-01-02T17:40:42.693544" elapsed="15.094920"/>
</test>
<test id="s1-t13" name="Verify Navigation To Overview Page" line="86">
<kw name="Login And Navigate To Product Page" owner="LoginApp" type="SETUP">
<kw name="Open Browser" owner="SeleniumLibrary">
<msg time="2025-01-02T17:40:57.789789" level="INFO">Opening browser 'chrome' to base url 'https://www.saucedemo.com/'.</msg>
<arg>${URL}</arg>
<arg>${BROWSER}</arg>
<doc>Opens a new browser instance to the optional ``url``.</doc>
<status status="PASS" start="2025-01-02T17:40:57.789569" elapsed="8.707127"/>
</kw>
<kw name="Fill Username Field" owner="Login">
<kw name="Input Text" owner="SeleniumLibrary">
<msg time="2025-01-02T17:41:06.499943" level="INFO">Typing text 'standard_user' into text field 'id=user-name'.</msg>
<arg>${LOGIN_USERNAME_LOCATOR}</arg>
<arg>${username}</arg>
<doc>Types the given ``text`` into the text field identified by ``locator``.</doc>
<status status="PASS" start="2025-01-02T17:41:06.499466" elapsed="2.289646"/>
</kw>
<arg>${USERNAME_SUCCESS}</arg>
<status status="PASS" start="2025-01-02T17:41:06.498640" elapsed="2.290574"/>
</kw>
<kw name="Fill Password Field" owner="Login">
<kw name="Input Text" owner="SeleniumLibrary">
<msg time="2025-01-02T17:41:08.789762" level="INFO">Typing text 'secret_sauce' into text field 'id=password'.</msg>
<arg>${LOGIN_PASSWORD_LOCATOR}</arg>
<arg>${password}</arg>
<doc>Types the given ``text`` into the text field identified by ``locator``.</doc>
<status status="PASS" start="2025-01-02T17:41:08.789620" elapsed="0.477709"/>
</kw>
<arg>${PASSWORD}</arg>
<status status="PASS" start="2025-01-02T17:41:08.789373" elapsed="0.478085"/>
</kw>
<kw name="Click &quot;Login&quot; Button" owner="Login">
<kw name="Click Button" owner="SeleniumLibrary">
<msg time="2025-01-02T17:41:09.268072" level="INFO">Clicking button 'id=login-button'.</msg>
<arg>${LOGIN_LOGIN_BUTTON}</arg>
<doc>Clicks the button identified by ``locator``.</doc>
<status status="PASS" start="2025-01-02T17:41:09.267908" elapsed="2.329201"/>
</kw>
<status status="PASS" start="2025-01-02T17:41:09.267653" elapsed="2.329803"/>
</kw>
<status status="PASS" start="2025-01-02T17:40:57.789282" elapsed="13.808227"/>
</kw>
<kw name="Navigate To Your Cart Page" owner="SwagLabsApp">
<kw name="Click Shopping Cart Badge" owner="YourCart">
<kw name="Click Element" owner="SeleniumLibrary">
<msg time="2025-01-02T17:41:11.601807" level="INFO">Clicking element 'id=shopping_cart_container'.</msg>
<arg>${SHOPPING_CART_BADGE_ICON}</arg>
<doc>Click the element identified by ``locator``.</doc>
<status status="PASS" start="2025-01-02T17:41:11.601379" elapsed="0.986898"/>
</kw>
<kw name="Page Should Contain" owner="SeleniumLibrary">
<msg time="2025-01-02T17:41:12.793655" level="INFO">Current page contains text 'Your Cart'.</msg>
<arg>${YOUR_CART_HEADER_TEXT}</arg>
<doc>Verifies that current page contains ``text``.</doc>
<status status="PASS" start="2025-01-02T17:41:12.588544" elapsed="0.205184"/>
</kw>
<status status="PASS" start="2025-01-02T17:41:11.601041" elapsed="1.192763"/>
</kw>
<status status="PASS" start="2025-01-02T17:41:11.599659" elapsed="1.194181"/>
</kw>
<kw name="Nevigate to Your Information Page" owner="SwagLabsApp">
<kw name="Click &quot;Checkout&quot; Button" owner="YourCart">
<kw name="Click Element" owner="SeleniumLibrary">
<msg time="2025-01-02T17:41:12.794587" level="INFO">Clicking element 'id=checkout'.</msg>
<arg>${CHECKOUT_BUTTON}</arg>
<doc>Click the element identified by ``locator``.</doc>
<status status="PASS" start="2025-01-02T17:41:12.794458" elapsed="0.293394"/>
</kw>
<kw name="Page Should Contain" owner="SeleniumLibrary">
<msg time="2025-01-02T17:41:13.098862" level="INFO">Current page contains text 'Checkout: Your Information'.</msg>
<arg>${YOUR_INFORMATION_HEADER_TEXT}</arg>
<doc>Verifies that current page contains ``text``.</doc>
<status status="PASS" start="2025-01-02T17:41:13.088055" elapsed="0.010868"/>
</kw>
<status status="PASS" start="2025-01-02T17:41:12.794292" elapsed="0.304697"/>
</kw>
<status status="PASS" start="2025-01-02T17:41:12.794064" elapsed="0.304968"/>
</kw>
<kw name="Navigation To Overview Page" owner="SwagLabsApp">
<kw name="Fill Information" owner="YourInformation">
<kw name="Fill First Name Field" owner="YourInformation">
<kw name="Input Text" owner="SeleniumLibrary">
<msg time="2025-01-02T17:41:13.100348" level="INFO">Typing text 'Benz' into text field 'id=first-name'.</msg>
<arg>${FIRST_NAME_LOCATOR}</arg>
<arg>${first_name}</arg>
<doc>Types the given ``text`` into the text field identified by ``locator``.</doc>
<status status="PASS" start="2025-01-02T17:41:13.100214" elapsed="0.436530"/>
</kw>
<arg>${first_name}</arg>
<status status="PASS" start="2025-01-02T17:41:13.100035" elapsed="0.436804"/>
</kw>
<kw name="Fill Last Name Field" owner="YourInformation">
<kw name="Input Text" owner="SeleniumLibrary">
<msg time="2025-01-02T17:41:13.537376" level="INFO">Typing text 'Ddts' into text field 'id=last-name'.</msg>
<arg>${LAST_NAME_LOCATOR}</arg>
<arg>${last_name}</arg>
<doc>Types the given ``text`` into the text field identified by ``locator``.</doc>
<status status="PASS" start="2025-01-02T17:41:13.537239" elapsed="0.379078"/>
</kw>
<arg>${last_name}</arg>
<status status="PASS" start="2025-01-02T17:41:13.536994" elapsed="0.379430"/>
</kw>
<kw name="Fill Post Code Field" owner="YourInformation">
<kw name="Input Text" owner="SeleniumLibrary">
<msg time="2025-01-02T17:41:13.917057" level="INFO">Typing text '10310' into text field 'id=postal-code'.</msg>
<arg>${POST_CODE_LOCATOR}</arg>
<arg>${post_code}</arg>
<doc>Types the given ``text`` into the text field identified by ``locator``.</doc>
<status status="PASS" start="2025-01-02T17:41:13.916903" elapsed="0.160996"/>
</kw>
<arg>${post_code}</arg>
<status status="PASS" start="2025-01-02T17:41:13.916615" elapsed="0.161454"/>
</kw>
<arg>${FIRST_NAME}</arg>
<arg>${LAST_NAME}</arg>
<arg>${POST_CODE}</arg>
<status status="PASS" start="2025-01-02T17:41:13.099440" elapsed="0.978798"/>
</kw>
<kw name="Click &quot;Continue&quot; Button" owner="YourInformation">
<kw name="Click Button" owner="SeleniumLibrary">
<msg time="2025-01-02T17:41:14.078972" level="INFO">Clicking button 'id=continue'.</msg>
<arg>${CONTINUE_BUTTON}</arg>
<doc>Clicks the button identified by ``locator``.</doc>
<status status="PASS" start="2025-01-02T17:41:14.078822" elapsed="0.533032"/>
</kw>
<kw name="Page Should Contain" owner="SeleniumLibrary">
<msg time="2025-01-02T17:41:14.627538" level="INFO">Current page contains text 'Checkout: Overview'.</msg>
<arg>${OVERVIEW_HEADER_TEXT}</arg>
<doc>Verifies that current page contains ``text``.</doc>
<status status="PASS" start="2025-01-02T17:41:14.612052" elapsed="0.015547"/>
</kw>
<status status="PASS" start="2025-01-02T17:41:14.078571" elapsed="0.549095"/>
</kw>
<status status="PASS" start="2025-01-02T17:41:13.099223" elapsed="1.528479"/>
</kw>
<kw name="Close Browser" owner="SeleniumLibrary" type="TEARDOWN">
<doc>Closes the current browser.</doc>
<status status="PASS" start="2025-01-02T17:41:14.627935" elapsed="0.100586"/>
</kw>
<tag>cart</tag>
<tag>functional</tag>
<tag>navigation</tag>
<status status="PASS" start="2025-01-02T17:40:57.788784" elapsed="16.939883"/>
</test>
<status status="PASS" start="2025-01-02T17:36:43.378538" elapsed="271.350821"/>
</suite>
<statistics>
<total>
<stat pass="13" fail="0" skip="0">All Tests</stat>
</total>
<tag>
<stat pass="4" fail="0" skip="0">cart</stat>
<stat pass="4" fail="0" skip="0">filters</stat>
<stat pass="12" fail="0" skip="0">functional</stat>
<stat pass="1" fail="0" skip="0">functional Login</stat>
<stat pass="4" fail="0" skip="0">navigation</stat>
<stat pass="3" fail="0" skip="0">product</stat>
</tag>
<suite>
<stat pass="13" fail="0" skip="0" id="s1" name="SwagLabs">SwagLabs</stat>
</suite>
</statistics>
<errors>
</errors>
</robot>
