<?xml version="1.0" encoding="UTF-8"?>
<robot generator="Robot 7.0.1 (Python 3.11.5 on darwin)" generated="2025-01-05T22:10:26.944322" rpa="false" schemaversion="5">
<suite id="s1" name="SwagLabs" source="/Users/benzddts/aperture-ui-testing/tests/SwagLabs.robot">
<test id="s1-t1" name="Verify the Correctness of Webpage Layout For Invalid Data" line="28">
<kw name="Login And Navigate To Product Page By User" owner="LoginApp">
<kw name="Open Browser To Login Page" owner="Login">
<kw name="Open Browser" owner="SeleniumLibrary">
<msg time="2025-01-05T22:10:27.357827" level="INFO">Opening browser 'chrome' to base url 'https://www.saucedemo.com/'.</msg>
<arg>${URL}</arg>
<arg>${browser}</arg>
<doc>Opens a new browser instance to the optional ``url``.</doc>
<status status="PASS" start="2025-01-05T22:10:27.357719" elapsed="8.935174"/>
</kw>
<kw name="Maximize Browser Window" owner="SeleniumLibrary">
<doc>Maximizes current browser window.</doc>
<status status="PASS" start="2025-01-05T22:10:36.294926" elapsed="0.364322"/>
</kw>
<arg>${BROWSER}</arg>
<status status="PASS" start="2025-01-05T22:10:27.357231" elapsed="9.302161"/>
</kw>
<kw name="Fill Username Field" owner="Login">
<kw name="Input Text" owner="SeleniumLibrary">
<msg time="2025-01-05T22:10:36.662419" level="INFO">Typing text 'visual_user' into text field 'id=user-name'.</msg>
<arg>${LOGIN_USERNAME_LOCATOR}</arg>
<arg>${username}</arg>
<doc>Types the given ``text`` into the text field identified by ``locator``.</doc>
<status status="PASS" start="2025-01-05T22:10:36.661876" elapsed="1.461074"/>
</kw>
<arg>${username}</arg>
<status status="PASS" start="2025-01-05T22:10:36.660454" elapsed="1.462579"/>
</kw>
<kw name="Fill Password Field" owner="Login">
<kw name="Input Text" owner="SeleniumLibrary">
<msg time="2025-01-05T22:10:38.123495" level="INFO">Typing text 'secret_sauce' into text field 'id=password'.</msg>
<arg>${LOGIN_PASSWORD_LOCATOR}</arg>
<arg>${password}</arg>
<doc>Types the given ``text`` into the text field identified by ``locator``.</doc>
<status status="PASS" start="2025-01-05T22:10:38.123384" elapsed="0.443469"/>
</kw>
<arg>${password}</arg>
<status status="PASS" start="2025-01-05T22:10:38.123177" elapsed="0.443752"/>
</kw>
<kw name="Click &quot;Login&quot; Button" owner="Login">
<kw name="Click Button" owner="SeleniumLibrary">
<msg time="2025-01-05T22:10:38.567374" level="INFO">Clicking button 'id=login-button'.</msg>
<arg>${LOGIN_LOGIN_BUTTON}</arg>
<doc>Clicks the button identified by ``locator``.</doc>
<status status="PASS" start="2025-01-05T22:10:38.567254" elapsed="1.429958"/>
</kw>
<status status="PASS" start="2025-01-05T22:10:38.567073" elapsed="1.430306"/>
</kw>
<arg>${USERNAME_VISUAL}</arg>
<arg>${PASSWORD}</arg>
<status status="PASS" start="2025-01-05T22:10:27.357040" elapsed="12.640389"/>
</kw>
<kw name="Verify the Correctness of Webpage Layout" owner="SwagLabsApp">
<kw name="Compare Images" owner="Common">
<msg time="2025-01-05T22:10:40.033075" level="INFO">Total number of differences: 10</msg>
<msg time="2025-01-05T22:10:40.033254" level="FAIL">Image do not match!.</msg>
<arg>${HEADER_LABEL_EXPECTED_PATH}</arg>
<arg>${HEADER_LABEL_ACTUAL_PATH}</arg>
<arg>${HEADER_LABEL_DIFF_PATH}</arg>
<status status="FAIL" start="2025-01-05T22:10:39.998527" elapsed="0.036939">Image do not match!.</status>
</kw>
<status status="FAIL" start="2025-01-05T22:10:39.998260" elapsed="0.037349">Image do not match!.</status>
</kw>
<kw name="Close Browser" owner="SeleniumLibrary" type="TEARDOWN">
<doc>Closes the current browser.</doc>
<status status="PASS" start="2025-01-05T22:10:40.036063" elapsed="0.108402"/>
</kw>
<tag>layout</tag>
<tag>visual_user</tag>
<status status="FAIL" start="2025-01-05T22:10:27.356736" elapsed="12.787862">Image do not match!.</status>
</test>
<test id="s1-t2" name="Verify Field Value After Input" line="34">
<kw name="Login And Navigate To Product Page By User" owner="LoginApp">
<kw name="Open Browser To Login Page" owner="Login">
<kw name="Open Browser" owner="SeleniumLibrary">
<msg time="2025-01-05T22:10:40.146190" level="INFO">Opening browser 'chrome' to base url 'https://www.saucedemo.com/'.</msg>
<arg>${URL}</arg>
<arg>${browser}</arg>
<doc>Opens a new browser instance to the optional ``url``.</doc>
<status status="PASS" start="2025-01-05T22:10:40.145883" elapsed="6.959331"/>
</kw>
<kw name="Maximize Browser Window" owner="SeleniumLibrary">
<doc>Maximizes current browser window.</doc>
<status status="PASS" start="2025-01-05T22:10:47.108314" elapsed="0.535227"/>
</kw>
<arg>${BROWSER}</arg>
<status status="PASS" start="2025-01-05T22:10:40.145676" elapsed="7.498097"/>
</kw>
<kw name="Fill Username Field" owner="Login">
<kw name="Input Text" owner="SeleniumLibrary">
<msg time="2025-01-05T22:10:47.645427" level="INFO">Typing text 'error_user' into text field 'id=user-name'.</msg>
<arg>${LOGIN_USERNAME_LOCATOR}</arg>
<arg>${username}</arg>
<doc>Types the given ``text`` into the text field identified by ``locator``.</doc>
<status status="PASS" start="2025-01-05T22:10:47.645148" elapsed="1.358495"/>
</kw>
<arg>${username}</arg>
<status status="PASS" start="2025-01-05T22:10:47.644486" elapsed="1.359564"/>
</kw>
<kw name="Fill Password Field" owner="Login">
<kw name="Input Text" owner="SeleniumLibrary">
<msg time="2025-01-05T22:10:49.006164" level="INFO">Typing text 'secret_sauce' into text field 'id=password'.</msg>
<arg>${LOGIN_PASSWORD_LOCATOR}</arg>
<arg>${password}</arg>
<doc>Types the given ``text`` into the text field identified by ``locator``.</doc>
<status status="PASS" start="2025-01-05T22:10:49.005641" elapsed="0.794926"/>
</kw>
<arg>${password}</arg>
<status status="PASS" start="2025-01-05T22:10:49.004828" elapsed="0.795817"/>
</kw>
<kw name="Click &quot;Login&quot; Button" owner="Login">
<kw name="Click Button" owner="SeleniumLibrary">
<msg time="2025-01-05T22:10:49.801076" level="INFO">Clicking button 'id=login-button'.</msg>
<arg>${LOGIN_LOGIN_BUTTON}</arg>
<doc>Clicks the button identified by ``locator``.</doc>
<status status="PASS" start="2025-01-05T22:10:49.800954" elapsed="1.383155"/>
</kw>
<status status="PASS" start="2025-01-05T22:10:49.800781" elapsed="1.383407"/>
</kw>
<arg>${USERNAME_ERROR}</arg>
<arg>${PASSWORD}</arg>
<status status="PASS" start="2025-01-05T22:10:40.145199" elapsed="11.039030"/>
</kw>
<kw name="Navigate To Your Cart Page" owner="SwagLabsApp">
<kw name="Click Shopping Cart Badge" owner="YourCart">
<kw name="Click Element" owner="SeleniumLibrary">
<msg time="2025-01-05T22:10:51.185176" level="INFO">Clicking element 'id=shopping_cart_container'.</msg>
<arg>${SHOPPING_CART_BADGE_ICON}</arg>
<doc>Click the element identified by ``locator``.</doc>
<status status="PASS" start="2025-01-05T22:10:51.185055" elapsed="0.595357"/>
</kw>
<kw name="Page Should Contain" owner="SeleniumLibrary">
<msg time="2025-01-05T22:10:51.854427" level="INFO">Current page contains text 'Your Cart'.</msg>
<arg>${YOUR_CART_HEADER_TEXT}</arg>
<doc>Verifies that current page contains ``text``.</doc>
<status status="PASS" start="2025-01-05T22:10:51.780949" elapsed="0.073528"/>
</kw>
<status status="PASS" start="2025-01-05T22:10:51.184929" elapsed="0.669599"/>
</kw>
<status status="PASS" start="2025-01-05T22:10:51.184726" elapsed="0.669824"/>
</kw>
<kw name="Nevigate To Your Information Page" owner="SwagLabsApp">
<kw name="Click &quot;Checkout&quot; Button" owner="YourCart">
<kw name="Click Element" owner="SeleniumLibrary">
<msg time="2025-01-05T22:10:51.855108" level="INFO">Clicking element 'id=checkout'.</msg>
<arg>${CHECKOUT_BUTTON}</arg>
<doc>Click the element identified by ``locator``.</doc>
<status status="PASS" start="2025-01-05T22:10:51.855009" elapsed="0.211789"/>
</kw>
<kw name="Page Should Contain" owner="SeleniumLibrary">
<msg time="2025-01-05T22:10:52.096454" level="INFO">Current page contains text 'Checkout: Your Information'.</msg>
<arg>${YOUR_INFORMATION_HEADER_TEXT}</arg>
<doc>Verifies that current page contains ``text``.</doc>
<status status="PASS" start="2025-01-05T22:10:52.066944" elapsed="0.029565"/>
</kw>
<status status="PASS" start="2025-01-05T22:10:51.854886" elapsed="0.241686"/>
</kw>
<status status="PASS" start="2025-01-05T22:10:51.854718" elapsed="0.241880"/>
</kw>
<kw name="Verify Your Information Value After Input" owner="SwagLabsApp">
<kw name="Fill Information" owner="YourInformation">
<kw name="Fill First Name Field" owner="YourInformation">
<kw name="Input Text" owner="SeleniumLibrary">
<msg time="2025-01-05T22:10:52.099165" level="INFO">Typing text 'Benz' into text field 'id=first-name'.</msg>
<arg>${FIRST_NAME_LOCATOR}</arg>
<arg>${first_name}</arg>
<doc>Types the given ``text`` into the text field identified by ``locator``.</doc>
<status status="PASS" start="2025-01-05T22:10:52.098925" elapsed="0.522977"/>
</kw>
<arg>${first_name}</arg>
<status status="PASS" start="2025-01-05T22:10:52.098089" elapsed="0.523931"/>
</kw>
<kw name="Fill Last Name Field" owner="YourInformation">
<kw name="Input Text" owner="SeleniumLibrary">
<msg time="2025-01-05T22:10:52.622789" level="INFO">Typing text 'Ddts' into text field 'id=last-name'.</msg>
<arg>${LAST_NAME_LOCATOR}</arg>
<arg>${last_name}</arg>
<doc>Types the given ``text`` into the text field identified by ``locator``.</doc>
<status status="PASS" start="2025-01-05T22:10:52.622612" elapsed="0.544599"/>
</kw>
<arg>${last_name}</arg>
<status status="PASS" start="2025-01-05T22:10:52.622274" elapsed="0.545009"/>
</kw>
<kw name="Fill Post Code Field" owner="YourInformation">
<kw name="Input Text" owner="SeleniumLibrary">
<msg time="2025-01-05T22:10:53.167692" level="INFO">Typing text '10310' into text field 'id=postal-code'.</msg>
<arg>${POST_CODE_LOCATOR}</arg>
<arg>${post_code}</arg>
<doc>Types the given ``text`` into the text field identified by ``locator``.</doc>
<status status="PASS" start="2025-01-05T22:10:53.167595" elapsed="0.371012"/>
</kw>
<arg>${post_code}</arg>
<status status="PASS" start="2025-01-05T22:10:53.167399" elapsed="0.371272"/>
</kw>
<arg>${first_name}</arg>
<arg>${last_name}</arg>
<arg>${post_code}</arg>
<status status="PASS" start="2025-01-05T22:10:52.097805" elapsed="1.440892"/>
</kw>
<kw name="Verify First Name Field Value After Input" owner="YourInformation">
<kw name="Get Value" owner="SeleniumLibrary">
<msg time="2025-01-05T22:10:53.583190" level="INFO">${displayed_first_name_value} = Benz</msg>
<var>${displayed_first_name_value}</var>
<arg>${FIRST_NAME_LOCATOR}</arg>
<doc>Returns the value attribute of the element identified by ``locator``.</doc>
<status status="PASS" start="2025-01-05T22:10:53.539031" elapsed="0.044180"/>
</kw>
<kw name="Should Be Equal As Strings" owner="BuiltIn">
<arg>${displayed_first_name_value}</arg>
<arg>${first_name}</arg>
<doc>Fails if objects are unequal after converting them to strings.</doc>
<status status="PASS" start="2025-01-05T22:10:53.583529" elapsed="0.000158"/>
</kw>
<arg>${first_name}</arg>
<status status="PASS" start="2025-01-05T22:10:53.538857" elapsed="0.044860"/>
</kw>
<kw name="Verify Last Name Field Value After Input" owner="YourInformation">
<kw name="Get Value" owner="SeleniumLibrary">
<msg time="2025-01-05T22:10:53.610733" level="INFO">${displayed_last_name_value} = </msg>
<var>${displayed_last_name_value}</var>
<arg>${LAST_NAME_LOCATOR}</arg>
<doc>Returns the value attribute of the element identified by ``locator``.</doc>
<status status="PASS" start="2025-01-05T22:10:53.583924" elapsed="0.026831"/>
</kw>
<kw name="Should Be Equal As Strings" owner="BuiltIn">
<msg time="2025-01-05T22:10:53.611388" level="FAIL"> != Ddts</msg>
<arg>${displayed_last_name_value}</arg>
<arg>${last_name}</arg>
<doc>Fails if objects are unequal after converting them to strings.</doc>
<status status="FAIL" start="2025-01-05T22:10:53.610876" elapsed="0.000611"> != Ddts</status>
</kw>
<arg>${last_name}</arg>
<status status="FAIL" start="2025-01-05T22:10:53.583803" elapsed="0.027770"> != Ddts</status>
</kw>
<kw name="Verify Post Code Field Value After Input" owner="YourInformation">
<arg>${post_code}</arg>
<status status="NOT RUN" start="2025-01-05T22:10:53.611690" elapsed="0.000013"/>
</kw>
<arg>${FIRST_NAME}</arg>
<arg>${LAST_NAME}</arg>
<arg>${POST_CODE}</arg>
<status status="FAIL" start="2025-01-05T22:10:52.097485" elapsed="1.514253"> != Ddts</status>
</kw>
<kw name="Close Browser" owner="SeleniumLibrary" type="TEARDOWN">
<doc>Closes the current browser.</doc>
<status status="PASS" start="2025-01-05T22:10:53.611970" elapsed="0.073305"/>
</kw>
<tag>error_user</tag>
<tag>functional</tag>
<tag>your_information</tag>
<status status="FAIL" start="2025-01-05T22:10:40.144833" elapsed="13.540525"> != Ddts</status>
</test>
<status status="FAIL" start="2025-01-05T22:10:26.945350" elapsed="26.740389"/>
</suite>
<statistics>
<total>
<stat pass="0" fail="2" skip="0">All Tests</stat>
</total>
<tag>
<stat pass="0" fail="1" skip="0">error_user</stat>
<stat pass="0" fail="1" skip="0">functional</stat>
<stat pass="0" fail="1" skip="0">layout</stat>
<stat pass="0" fail="1" skip="0">visual_user</stat>
<stat pass="0" fail="1" skip="0">your_information</stat>
</tag>
<suite>
<stat pass="0" fail="2" skip="0" id="s1" name="SwagLabs">SwagLabs</stat>
</suite>
</statistics>
<errors>
</errors>
</robot>
